<?xml version="1.0" encoding="UTF-8" ?>
<testsuite tests="3" failures="1" name="TestSuite" time="2.915" errors="0" skipped="0">
  <properties>
[...]
</properties>
  <testcase classname="com.emma.app.my_rest_test.AppTest" name="testApp on testApp(com.emma.app.my_rest_test.AppTest)" time="0.31"/>
  <testcase classname="com.emma.app.my_rest_test.AppTest" name="testGameVideoList on testGameVideoList(com.emma.app.my_rest_test.AppTest)" time="2.343"/>
  <testcase classname="com.emma.app.my_rest_test.AppTest" name="testOnlineVideoList on testOnlineVideoList(com.emma.app.my_rest_test.AppTest)" time="0.262">
    <failure message="com.github.fge.jsonschema.core.exceptions.ProcessingException: fatal: content at URI &quot;file:/D:/workspace/my-rest-test/target/test-classes/onlinevideo.json#&quot; is not valid JSON
    level: &quot;fatal&quot;
    uri: &quot;file:/D:/workspace/my-rest-test/target/test-classes/onlinevideo.json#&quot;
    parsingMessage: &quot;Unexpected character (&apos;\&quot;&apos; (code 34)): was expecting comma to separate OBJECT entries&quot;
" type="com.jayway.restassured.module.jsv.JsonSchemaValidationException">com.jayway.restassured.module.jsv.JsonSchemaValidationException: com.github.fge.jsonschema.core.exceptions.ProcessingException: fatal: content at URI &quot;file:/D:/workspace/my-rest-test/target/test-classes/onlinevideo.json#&quot; is not valid JSON
    level: &quot;fatal&quot;
    uri: &quot;file:/D:/workspace/my-rest-test/target/test-classes/onlinevideo.json#&quot;
    parsingMessage: &quot;Unexpected character (&apos;\&quot;&apos; (code 34)): was expecting comma to separate OBJECT entries&quot;

	at com.jayway.restassured.module.jsv.JsonSchemaValidator.matchesSafely(JsonSchemaValidator.java:233)
	at com.jayway.restassured.module.jsv.JsonSchemaValidator.matchesSafely(JsonSchemaValidator.java:75)
	at org.hamcrest.TypeSafeMatcher.matches(TypeSafeMatcher.java:65)
	at org.hamcrest.Matcher$matches.call(Unknown Source)
	at org.codehaus.groovy.runtime.callsite.CallSiteArray.defaultCall(CallSiteArray.java:48)
	at org.hamcrest.Matcher$matches.call(Unknown Source)
	at com.jayway.restassured.assertion.BodyMatcher.validate(BodyMatcher.groovy:76)
	at com.jayway.restassured.assertion.BodyMatcher$validate$0.call(Unknown Source)
	at com.jayway.restassured.assertion.BodyMatcherGroup$_validate_closure2.doCall(BodyMatcherGroup.groovy:47)
	at sun.reflect.NativeMethodAccessorImpl.invoke0(Native Method)
	at sun.reflect.NativeMethodAccessorImpl.invoke(NativeMethodAccessorImpl.java:62)
	at sun.reflect.DelegatingMethodAccessorImpl.invoke(DelegatingMethodAccessorImpl.java:43)
	at java.lang.reflect.Method.invoke(Method.java:498)
	at org.codehaus.groovy.reflection.CachedMethod.invoke(CachedMethod.java:93)
	at groovy.lang.MetaMethod.doMethodInvoke(MetaMethod.java:325)
	at org.codehaus.groovy.runtime.metaclass.ClosureMetaClass.invokeMethod(ClosureMetaClass.java:294)
	at groovy.lang.MetaClassImpl.invokeMethod(MetaClassImpl.java:1019)
	at groovy.lang.Closure.call(Closure.java:426)
	at groovy.lang.Closure.call(Closure.java:442)
	at org.codehaus.groovy.runtime.DefaultGroovyMethods.collect(DefaultGroovyMethods.java:3170)
	at org.codehaus.groovy.runtime.DefaultGroovyMethods.collect(DefaultGroovyMethods.java:3140)
	at org.codehaus.groovy.runtime.dgm$66.invoke(Unknown Source)
	at org.codehaus.groovy.runtime.callsite.PojoMetaMethodSite$PojoMetaMethodSiteNoUnwrapNoCoerce.invoke(PojoMetaMethodSite.java:274)
	at org.codehaus.groovy.runtime.callsite.PojoMetaMethodSite.call(PojoMetaMethodSite.java:56)
	at org.codehaus.groovy.runtime.callsite.AbstractCallSite.call(AbstractCallSite.java:125)
	at com.jayway.restassured.assertion.BodyMatcherGroup.validate(BodyMatcherGroup.groovy:47)
	at com.jayway.restassured.assertion.BodyMatcherGroup$validate$2.call(Unknown Source)
	at com.jayway.restassured.internal.ResponseSpecificationImpl$HamcrestAssertionClosure.validate(ResponseSpecificationImpl.groovy:585)
	at com.jayway.restassured.internal.ResponseSpecificationImpl$HamcrestAssertionClosure$validate$1.call(Unknown Source)
	at com.jayway.restassured.internal.ResponseSpecificationImpl.validateResponseIfRequired(ResponseSpecificationImpl.groovy:760)
	at sun.reflect.NativeMethodAccessorImpl.invoke0(Native Method)
	at sun.reflect.NativeMethodAccessorImpl.invoke(NativeMethodAccessorImpl.java:62)
	at sun.reflect.DelegatingMethodAccessorImpl.invoke(DelegatingMethodAccessorImpl.java:43)
	at java.lang.reflect.Method.invoke(Method.java:498)
	at org.codehaus.groovy.runtime.callsite.PogoMetaMethodSite$PogoCachedMethodSiteNoUnwrapNoCoerce.invoke(PogoMetaMethodSite.java:210)
	at org.codehaus.groovy.runtime.callsite.PogoMetaMethodSite.callCurrent(PogoMetaMethodSite.java:59)
	at org.codehaus.groovy.runtime.callsite.AbstractCallSite.callCurrent(AbstractCallSite.java:166)
	at com.jayway.restassured.internal.ResponseSpecificationImpl.content(ResponseSpecificationImpl.groovy:92)
	at com.jayway.restassured.specification.ResponseSpecification$content$2.callCurrent(Unknown Source)
	at com.jayway.restassured.internal.ResponseSpecificationImpl.body(ResponseSpecificationImpl.groovy:230)
	at com.jayway.restassured.internal.ValidatableResponseOptionsImpl.body(ValidatableResponseOptionsImpl.java:258)
	at com.emma.app.my_rest_test.AppTest.testOnlineVideoList(AppTest.java:140)
Caused by: com.github.fge.jsonschema.core.exceptions.ProcessingException: fatal: content at URI &quot;file:/D:/workspace/my-rest-test/target/test-classes/onlinevideo.json#&quot; is not valid JSON
    level: &quot;fatal&quot;
    uri: &quot;file:/D:/workspace/my-rest-test/target/test-classes/onlinevideo.json#&quot;
    parsingMessage: &quot;Unexpected character (&apos;\&quot;&apos; (code 34)): was expecting comma to separate OBJECT entries&quot;

	at com.github.fge.jsonschema.core.load.URIManager.getContent(URIManager.java:110)
	at com.github.fge.jsonschema.core.load.SchemaLoader$1.load(SchemaLoader.java:115)
	at com.github.fge.jsonschema.core.load.SchemaLoader$1.load(SchemaLoader.java:109)
	at com.google.common.cache.LocalCache$LoadingValueReference.loadFuture(LocalCache.java:3524)
	at com.google.common.cache.LocalCache$Segment.loadSync(LocalCache.java:2317)
	at com.google.common.cache.LocalCache$Segment.lockedGetOrLoad(LocalCache.java:2280)
	at com.google.common.cache.LocalCache$Segment.get(LocalCache.java:2195)
	at com.google.common.cache.LocalCache.get(LocalCache.java:3934)
	at com.google.common.cache.LocalCache.getOrLoad(LocalCache.java:3938)
	at com.google.common.cache.LocalCache$LocalLoadingCache.get(LocalCache.java:4821)
	at com.github.fge.jsonschema.core.load.SchemaLoader.get(SchemaLoader.java:172)
	at com.github.fge.jsonschema.main.JsonValidator.buildJsonSchema(JsonValidator.java:210)
	at com.github.fge.jsonschema.main.JsonSchemaFactory.getJsonSchema(JsonSchemaFactory.java:224)
	at com.jayway.restassured.module.jsv.JsonSchemaValidator.matchesSafely(JsonSchemaValidator.java:221)
	... 84 more
</failure>
    <system-out>_sign_online65ef3f8cdab17a4bf7986e321b791e67
HTTP/1.1 200 OK
Server: nginx/1.9.0
Date: Thu, 08 Sep 2016 02:32:40 GMT
Content-Type: text/plain;charset=UTF-8
Content-Length: 8459
Connection: keep-alive
Set-Cookie: _i7=8fc516fca3414162bfe4d05e19a65cc5; Expires=Sun, 14-Apr-2019 02:32:40 GMT; Path=/; HttpOnly

{&quot;code&quot;:0,&quot;message&quot;:&quot;&quot;,&quot;data&quot;:{&quot;count&quot;:47,&quot;items&quot;:[{&quot;type&quot;:1,&quot;name&quot;:&quot;天天酷跑online+11111111111111111111&quot;,&quot;style&quot;:1,&quot;cover&quot;:&quot;http://kascdn.kascend.com/jellyfish-test/21/693/1459307797335.jpg!jellyfishnavstyle1&quot;,&quot;targetKey&quot;:&quot;693&quot;,&quot;meta&quot;:{&quot;onlineCount&quot;:104,&quot;creator&quot;:&quot;melody&quot;,&quot;gender&quot;:&quot;male&quot;,&quot;gameName&quot;:&quot;天天酷跑online&quot;,&quot;subscriberCount&quot;:3,&quot;gameTargetKey&quot;:&quot;3-1013-3&quot;,&quot;avatar&quot;:&quot;http://kascdn.kascend.com/jellyfish/avatar/default/default_avatar_1.jpg!jellyfishavatar&quot;,&quot;gameCtxPath&quot;:&quot;qqdzz&quot;,&quot;live&quot;:true,&quot;professional&quot;:1}},{&quot;type&quot;:1,&quot;name&quot;:&quot;天天酷跑online+11111111111111111111&quot;,&quot;style&quot;:1,&quot;cover&quot;:&quot;http://sc-live.kascend.com/jellyfish-test/19/1011/1473301931847.jpg!jellyfishnavstyle1&quot;,&quot;targetKey&quot;:&quot;1011&quot;,&quot;meta&quot;:{&quot;onlineCount&quot;:64,&quot;creator&quot;:&quot;宝宝&quot;,&quot;gender&quot;:&quot;female&quot;,&quot;gameName&quot;:&quot;天天酷跑online&quot;,&quot;subscriberCount&quot;:9,&quot;gameTargetKey&quot;:&quot;3-1013-3&quot;,&quot;avatar&quot;:&quot;http://kascdn.kascend.com/jellyfish/avatar/150615/1434359024687.jpg!jellyfishavatar&quot;,&quot;gameCtxPath&quot;:&quot;qqdzz&quot;,&quot;live&quot;:true,&quot;professional&quot;:1}},{&quot;type&quot;:1,&quot;name&quot;:&quot;天天酷跑online+11111111111111111111&quot;,&quot;style&quot;:1,&quot;cover&quot;:&quot;http://kascdn.kascend.com/jellyfish-test/24/1016/1460377524445.jpg!jellyfishnavstyle1&quot;,&quot;targetKey&quot;:&quot;1016&quot;,&quot;meta&quot;:{&quot;onlineCount&quot;:61,&quot;creator&quot;:&quot;天降大任于斯人也&quot;,&quot;gender&quot;:&quot;male&quot;,&quot;gameName&quot;:&quot;天天酷跑online&quot;,&quot;subscriberCount&quot;:4,&quot;gameTargetKey&quot;:&quot;3-1008-3&quot;,&quot;avatar&quot;:&quot;http://kascdn.kascend.com/jellyfish/avatar/150609/1433818303128.jpg!jellyfishavatar&quot;,&quot;gameCtxPath&quot;:&quot;pao&quot;,&quot;live&quot;:true,&quot;professional&quot;:1}},{&quot;type&quot;:1,&quot;name&quot;:&quot;天天酷跑online+11111111111111111111&quot;,&quot;style&quot;:1,&quot;cover&quot;:&quot;&quot;,&quot;targetKey&quot;:&quot;1028&quot;,&quot;meta&quot;:{&quot;onlineCount&quot;:40,&quot;creator&quot;:&quot;pppp&quot;,&quot;gender&quot;:&quot;unknow&quot;,&quot;gameName&quot;:&quot;天天酷跑online&quot;,&quot;subscriberCount&quot;:2,&quot;gameTargetKey&quot;:&quot;3-1008-3&quot;,&quot;avatar&quot;:&quot;&quot;,&quot;gameCtxPath&quot;:&quot;pao&quot;,&quot;live&quot;:true,&quot;professional&quot;:1}},{&quot;type&quot;:1,&quot;name&quot;:&quot;天天酷跑online+11111111111111111111&quot;,&quot;style&quot;:1,&quot;cover&quot;:&quot;http://kascdn.kascend.com/jellyfish-test/2/1026/1461669406501.jpg!jellyfishnavstyle1&quot;,&quot;targetKey&quot;:&quot;1026&quot;,&quot;meta&quot;:{&quot;onlineCount&quot;:19,&quot;creator&quot;:&quot;用户4190&quot;,&quot;gender&quot;:&quot;unknow&quot;,&quot;gameName&quot;:&quot;天天酷跑online&quot;,&quot;subscriberCount&quot;:3,&quot;gameTargetKey&quot;:&quot;3-1008-3&quot;,&quot;avatar&quot;:&quot;&quot;,&quot;gameCtxPath&quot;:&quot;pao&quot;,&quot;live&quot;:true,&quot;professional&quot;:1}},{&quot;type&quot;:1,&quot;name&quot;:&quot;天天酷跑online+11111111111111111111&quot;,&quot;style&quot;:1,&quot;cover&quot;:&quot;http://sc-live.kascend.com/jellyfish-test/0/1024/1473301931812.jpg!jellyfishnavstyle1&quot;,&quot;targetKey&quot;:&quot;1024&quot;,&quot;meta&quot;:{&quot;onlineCount&quot;:19,&quot;creator&quot;:&quot;emma&quot;,&quot;gender&quot;:&quot;male&quot;,&quot;gameName&quot;:&quot;天天酷跑online&quot;,&quot;subscriberCount&quot;:2,&quot;gameTargetKey&quot;:&quot;3-1008-3&quot;,&quot;avatar&quot;:&quot;http://kascdn.kascend.com/jellyfish/avatar/20150917/66_1442471708813.jpg!jellyfishavatar&quot;,&quot;gameCtxPath&quot;:&quot;pao&quot;,&quot;live&quot;:true,&quot;professional&quot;:1}},{&quot;type&quot;:1,&quot;name&quot;:&quot;天天酷跑online+11111111111111111111&quot;,&quot;style&quot;:1,&quot;cover&quot;:&quot;&quot;,&quot;targetKey&quot;:&quot;1002&quot;,&quot;meta&quot;:{&quot;onlineCount&quot;:19,&quot;creator&quot;:&quot;官方频道2&quot;,&quot;gender&quot;:&quot;unknow&quot;,&quot;gameName&quot;:&quot;天天酷跑online&quot;,&quot;subscriberCount&quot;:2,&quot;gameTargetKey&quot;:&quot;3-1008-3&quot;,&quot;avatar&quot;:&quot;&quot;,&quot;gameCtxPath&quot;:&quot;pao&quot;,&quot;live&quot;:true,&quot;professional&quot;:1}},{&quot;type&quot;:1,&quot;name&quot;:&quot;天天酷跑online+11111111111111111111&quot;,&quot;style&quot;:1,&quot;cover&quot;:&quot;&quot;,&quot;targetKey&quot;:&quot;687&quot;,&quot;meta&quot;:{&quot;onlineCount&quot;:19,&quot;creator&quot;:&quot;胖胖&quot;,&quot;gender&quot;:&quot;male&quot;,&quot;gameName&quot;:&quot;天天酷跑online&quot;,&quot;subscriberCount&quot;:2,&quot;gameTargetKey&quot;:&quot;3-1008-3&quot;,&quot;avatar&quot;:&quot;http://kascdn.kascend.com/jellyfish/avatar/150608/1433750052413.jpg!jellyfishavatar&quot;,&quot;gameCtxPath&quot;:&quot;pao&quot;,&quot;live&quot;:true,&quot;professional&quot;:1}},{&quot;type&quot;:1,&quot;name&quot;:&quot;天天酷跑online+11111111111111111111&quot;,&quot;style&quot;:1,&quot;cover&quot;:&quot;http://sc-live.kascend.com/jellyfish-test/9/457/1473301931842.jpg!jellyfishnavstyle1&quot;,&quot;targetKey&quot;:&quot;457&quot;,&quot;meta&quot;:{&quot;onlineCount&quot;:19,&quot;creator&quot;:&quot;用户_44&quot;,&quot;gender&quot;:&quot;male&quot;,&quot;gameName&quot;:&quot;天天酷跑online&quot;,&quot;subscriberCount&quot;:5,&quot;gameTargetKey&quot;:&quot;3-1013-3&quot;,&quot;avatar&quot;:&quot;http://kascdn.kascend.com/jellyfish/avatar/160715/1468547040248.png!jellyfishavatar&quot;,&quot;gameCtxPath&quot;:&quot;qqdzz&quot;,&quot;live&quot;:true,&quot;professional&quot;:1}},{&quot;type&quot;:1,&quot;name&quot;:&quot;天天酷跑online+11111111111111111111&quot;,&quot;style&quot;:1,&quot;cover&quot;:&quot;http://sc-live.kascend.com/jellyfish-test/22/13014/1473301931848.jpg!jellyfishnavstyle1&quot;,&quot;targetKey&quot;:&quot;13014&quot;,&quot;meta&quot;:{&quot;onlineCount&quot;:18,&quot;creator&quot;:&quot;xiaohua&quot;,&quot;gender&quot;:&quot;female&quot;,&quot;gameName&quot;:&quot;热1&quot;,&quot;subscriberCount&quot;:5,&quot;gameTargetKey&quot;:&quot;3-182-3&quot;,&quot;avatar&quot;:&quot;http://kascdn.kascend.com/jellyfish/avatar/20160426/185_1461636654425.jpg!jellyfishavatar&quot;,&quot;gameCtxPath&quot;:&quot;&quot;,&quot;live&quot;:true,&quot;professional&quot;:1}},{&quot;type&quot;:1,&quot;name&quot;:&quot;天天酷跑online+11111111111111111111&quot;,&quot;style&quot;:1,&quot;cover&quot;:&quot;http://kascdn.kascend.com/jellyfish-test/25/1017/1462275185230.jpg!jellyfishnavstyle1&quot;,&quot;targetKey&quot;:&quot;1017&quot;,&quot;meta&quot;:{&quot;onlineCount&quot;:18,&quot;creator&quot;:&quot;呆呆&quot;,&quot;gender&quot;:&quot;male&quot;,&quot;gameName&quot;:&quot;天天酷跑online&quot;,&quot;subscriberCount&quot;:3,&quot;gameTargetKey&quot;:&quot;3-1008-3&quot;,&quot;avatar&quot;:&quot;http://kascdn.kascend.com/jellyfish/avatar/150911/1441941504267.jpg!jellyfishavatar&quot;,&quot;gameCtxPath&quot;:&quot;pao&quot;,&quot;live&quot;:true,&quot;professional&quot;:1}},{&quot;type&quot;:1,&quot;name&quot;:&quot;天天酷跑online+11111111111111111111&quot;,&quot;style&quot;:1,&quot;cover&quot;:&quot;http://kascdn.kascend.com/jellyfish-test/16/1008/1442988295280.jpg!jellyfishnavstyle1&quot;,&quot;targetKey&quot;:&quot;1008&quot;,&quot;meta&quot;:{&quot;onlineCount&quot;:18,&quot;creator&quot;:&quot;官方频道8哈哈&quot;,&quot;gender&quot;:&quot;female&quot;,&quot;gameName&quot;:&quot;天天酷跑online&quot;,&quot;subscriberCount&quot;:2,&quot;gameTargetKey&quot;:&quot;3-1008-3&quot;,&quot;avatar&quot;:&quot;&quot;,&quot;gameCtxPath&quot;:&quot;pao&quot;,&quot;live&quot;:true,&quot;professional&quot;:1}},{&quot;type&quot;:1,&quot;name&quot;:&quot;天天酷跑online+11111111111111111111&quot;,&quot;style&quot;:1,&quot;cover&quot;:&quot;http://kascdn.kascend.com/jellyfish-test/14/718/1448615334568.jpg!jellyfishnavstyle1&quot;,&quot;targetKey&quot;:&quot;718&quot;,&quot;meta&quot;:{&quot;onlineCount&quot;:18,&quot;creator&quot;:&quot;micah05&quot;,&quot;gender&quot;:&quot;male&quot;,&quot;gameName&quot;:&quot;天天酷跑online&quot;,&quot;subscriberCount&quot;:2,&quot;gameTargetKey&quot;:&quot;3-1008-3&quot;,&quot;avatar&quot;:&quot;http://kascdn.kascend.com/jellyfish-test/avatar/20160120/163_1453274145870.jpg!jellyfishavatar&quot;,&quot;gameCtxPath&quot;:&quot;pao&quot;,&quot;live&quot;:true,&quot;professional&quot;:1}},{&quot;type&quot;:1,&quot;name&quot;:&quot;天天酷跑online+11111111111111111111&quot;,&quot;style&quot;:1,&quot;cover&quot;:&quot;&quot;,&quot;targetKey&quot;:&quot;712&quot;,&quot;meta&quot;:{&quot;onlineCount&quot;:18,&quot;creator&quot;:&quot;qwqwqw&quot;,&quot;gender&quot;:&quot;male&quot;,&quot;gameName&quot;:&quot;天天酷跑online&quot;,&quot;subscriberCount&quot;:2,&quot;gameTargetKey&quot;:&quot;3-1008-3&quot;,&quot;avatar&quot;:&quot;&quot;,&quot;gameCtxPath&quot;:&quot;pao&quot;,&quot;live&quot;:true,&quot;professional&quot;:1}},{&quot;type&quot;:1,&quot;name&quot;:&quot;天天酷跑online+11111111111111111111&quot;,&quot;style&quot;:1,&quot;cover&quot;:&quot;&quot;,&quot;targetKey&quot;:&quot;702&quot;,&quot;meta&quot;:{&quot;onlineCount&quot;:18,&quot;creator&quot;:&quot;ddd&quot;,&quot;gender&quot;:&quot;male&quot;,&quot;gameName&quot;:&quot;天天酷跑online&quot;,&quot;subscriberCount&quot;:2,&quot;gameTargetKey&quot;:&quot;3-1008-3&quot;,&quot;avatar&quot;:&quot;http://kascdn.kascend.com/jellyfish/avatar/150612/1434098481926.jpg!jellyfishavatar&quot;,&quot;gameCtxPath&quot;:&quot;pao&quot;,&quot;live&quot;:true,&quot;professional&quot;:1}},{&quot;type&quot;:1,&quot;name&quot;:&quot;天天酷跑online+11111111111111111111&quot;,&quot;style&quot;:1,&quot;cover&quot;:&quot;http://sc-live.kascend.com/jellyfish-test/18/690/1473301900854.jpg!jellyfishnavstyle1&quot;,&quot;targetKey&quot;:&quot;690&quot;,&quot;meta&quot;:{&quot;onlineCount&quot;:18,&quot;creator&quot;:&quot;叫你逗比敢应吗&quot;,&quot;gender&quot;:&quot;male&quot;,&quot;gameName&quot;:&quot;天天酷跑online&quot;,&quot;subscriberCount&quot;:5,&quot;gameTargetKey&quot;:&quot;3-1008-3&quot;,&quot;avatar&quot;:&quot;http://kascdn.kascend.com/jellyfish/avatar/160707/1467860945700.PNG!jellyfishavatar&quot;,&quot;gameCtxPath&quot;:&quot;pao&quot;,&quot;live&quot;:true,&quot;professional&quot;:1}},{&quot;type&quot;:1,&quot;name&quot;:&quot;天天酷跑online+11111111111111111111&quot;,&quot;style&quot;:1,&quot;cover&quot;:&quot;&quot;,&quot;targetKey&quot;:&quot;684&quot;,&quot;meta&quot;:{&quot;onlineCount&quot;:18,&quot;creator&quot;:&quot;LILY&quot;,&quot;gender&quot;:&quot;female&quot;,&quot;gameName&quot;:&quot;天天酷跑online&quot;,&quot;subscriberCount&quot;:2,&quot;gameTargetKey&quot;:&quot;3-1008-3&quot;,&quot;avatar&quot;:&quot;http://kascdn.kascend.com/jellyfish/avatar/150608/1433739407487.jpg!jellyfishavatar&quot;,&quot;gameCtxPath&quot;:&quot;pao&quot;,&quot;live&quot;:true,&quot;professional&quot;:1}},{&quot;type&quot;:1,&quot;name&quot;:&quot;天天酷跑online+11111111111111111111&quot;,&quot;style&quot;:1,&quot;cover&quot;:&quot;&quot;,&quot;targetKey&quot;:&quot;1013&quot;,&quot;meta&quot;:{&quot;onlineCount&quot;:17,&quot;creator&quot;:&quot;葫芦丶&quot;,&quot;gender&quot;:&quot;male&quot;,&quot;gameName&quot;:&quot;天天酷跑online&quot;,&quot;subscriberCount&quot;:2,&quot;gameTargetKey&quot;:&quot;3-1008-3&quot;,&quot;avatar&quot;:&quot;http://kascdn.kascend.com/jellyfish/avatar/150610/1433927617342.jpg!jellyfishavatar&quot;,&quot;gameCtxPath&quot;:&quot;pao&quot;,&quot;live&quot;:true,&quot;professional&quot;:1}},{&quot;type&quot;:1,&quot;name&quot;:&quot;天天酷跑online+11111111111111111111&quot;,&quot;style&quot;:1,&quot;cover&quot;:&quot;http://sc-live.kascend.com/jellyfish-test/6/1030/1473301869830.jpg!jellyfishnavstyle1&quot;,&quot;targetKey&quot;:&quot;1030&quot;,&quot;meta&quot;:{&quot;onlineCount&quot;:16,&quot;creator&quot;:&quot;用户_12160119&quot;,&quot;gender&quot;:&quot;unknow&quot;,&quot;gameName&quot;:&quot;天天酷跑online&quot;,&quot;subscriberCount&quot;:3,&quot;gameTargetKey&quot;:&quot;3-1008-3&quot;,&quot;avatar&quot;:&quot;&quot;,&quot;gameCtxPath&quot;:&quot;pao&quot;,&quot;live&quot;:true,&quot;professional&quot;:1}},{&quot;type&quot;:1,&quot;name&quot;:&quot;天天酷跑online+11111111111111111111&quot;,&quot;style&quot;:1,&quot;cover&quot;:&quot;http://kascdn.kascend.com/jellyfish-test/9/1001/1464777795899.jpg!jellyfishnavstyle1&quot;,&quot;targetKey&quot;:&quot;1001&quot;,&quot;meta&quot;:{&quot;onlineCount&quot;:16,&quot;creator&quot;:&quot;官方频道1&quot;,&quot;gender&quot;:&quot;male&quot;,&quot;gameName&quot;:&quot;天天酷跑online&quot;,&quot;subscriberCount&quot;:2,&quot;gameTargetKey&quot;:&quot;3-1008-3&quot;,&quot;avatar&quot;:&quot;http://kascdn.kascend.com/jellyfish/avatar/150729/1438140913819.jpg!jellyfishavatar&quot;,&quot;gameCtxPath&quot;:&quot;pao&quot;,&quot;live&quot;:true,&quot;professional&quot;:1}}],&quot;breakpoint&quot;:&quot;1001-0-16&quot;}}
</system-out>
  </testcase>
</testsuite>