<?xml version="1.0" encoding="UTF-8"?>
<testng-results skipped="1" failed="0" total="1" passed="0">
  <reporter-output>
  </reporter-output>
  <suite name="com.example.myAppiumProject.AndroidAppiumTest" duration-ms="33" started-at="2016-08-17T09:46:57Z" finished-at="2016-08-17T09:46:57Z">
    <groups>
    </groups>
    <test name="Command line test" duration-ms="33" started-at="2016-08-17T09:46:57Z" finished-at="2016-08-17T09:46:57Z">
      <class name="com.example.myAppiumProject.AndroidAppiumTest">
        <test-method status="FAIL" signature="SetUpBeforeClass(java.lang.String)" name="SetUpBeforeClass" is-config="true" duration-ms="0" started-at="2016-08-17T09:46:57Z" finished-at="2016-08-17T09:46:57Z">
          <exception class="org.testng.TestNGException">
            <message>
              <![CDATA[
Method SetUpBeforeClass requires 1 parameters but 0 were supplied in the @Configuration annotation.]]>
            </message>
            <full-stacktrace>
              <![CDATA[org.testng.TestNGException: 
Method SetUpBeforeClass requires 1 parameters but 0 were supplied in the @Configuration annotation.
	at org.testng.internal.Parameters.checkParameterTypes(Parameters.java:187)
	at org.testng.internal.Parameters.createParameters(Parameters.java:123)
	at org.testng.internal.Parameters.createParameters(Parameters.java:357)
	at org.testng.internal.Parameters.createConfigurationParameters(Parameters.java:78)
	at org.testng.internal.Invoker.invokeConfigurations(Invoker.java:190)
	at org.testng.internal.Invoker.invokeConfigurations(Invoker.java:130)
	at org.testng.internal.TestMethodWorker.invokeBeforeClassMethods(TestMethodWorker.java:173)
	at org.testng.internal.TestMethodWorker.run(TestMethodWorker.java:105)
	at org.testng.TestRunner.runWorkers(TestRunner.java:1178)
	at org.testng.TestRunner.privateRun(TestRunner.java:757)
	at org.testng.TestRunner.run(TestRunner.java:608)
	at org.testng.SuiteRunner.runTest(SuiteRunner.java:334)
	at org.testng.SuiteRunner.runSequentially(SuiteRunner.java:329)
	at org.testng.SuiteRunner.privateRun(SuiteRunner.java:291)
	at org.testng.SuiteRunner.run(SuiteRunner.java:240)
	at org.testng.SuiteRunnerWorker.runSuite(SuiteRunnerWorker.java:52)
	at org.testng.SuiteRunnerWorker.run(SuiteRunnerWorker.java:86)
	at org.testng.TestNG.runSuitesSequentially(TestNG.java:1158)
	at org.testng.TestNG.runSuitesLocally(TestNG.java:1083)
	at org.testng.TestNG.run(TestNG.java:999)
	at org.apache.maven.surefire.testng.TestNGExecutor.run(TestNGExecutor.java:77)
	at org.apache.maven.surefire.testng.TestNGDirectoryTestSuite.execute(TestNGDirectoryTestSuite.java:110)
	at org.apache.maven.surefire.testng.TestNGProvider.invoke(TestNGProvider.java:106)
	at sun.reflect.NativeMethodAccessorImpl.invoke0(Native Method)
	at sun.reflect.NativeMethodAccessorImpl.invoke(NativeMethodAccessorImpl.java:62)
	at sun.reflect.DelegatingMethodAccessorImpl.invoke(DelegatingMethodAccessorImpl.java:43)
	at java.lang.reflect.Method.invoke(Method.java:497)
	at org.apache.maven.surefire.util.ReflectionUtils.invokeMethodWithArray(ReflectionUtils.java:189)
	at org.apache.maven.surefire.booter.ProviderFactory$ProviderProxy.invoke(ProviderFactory.java:165)
	at org.apache.maven.surefire.booter.ProviderFactory.invokeProvider(ProviderFactory.java:85)
	at org.apache.maven.surefire.booter.ForkedBooter.runSuitesInProcess(ForkedBooter.java:115)
	at org.apache.maven.surefire.booter.ForkedBooter.main(ForkedBooter.java:75)
]]>
            </full-stacktrace>
          </exception>
        </test-method>
        <test-method status="SKIP" signature="apidemo()" name="apidemo" duration-ms="10" started-at="2016-08-17T09:46:57Z" finished-at="2016-08-17T09:46:57Z">
        </test-method>
        <test-method status="SKIP" signature="tearDownAfterClass()" name="tearDownAfterClass" is-config="true" duration-ms="0" started-at="2016-08-17T09:46:57Z" finished-at="2016-08-17T09:46:57Z">
        </test-method>
      </class>
    </test>
  </suite>
</testng-results>
