<?xml version="1.0" encoding="UTF-8"?>
<testsuite name="my-rest-test"
           tests="3"
           failures="0"
           errors="0"
           skipped="0"
           time="3.104">
  <properties />
  
  
            <testcase name="testmethod1" time="0.001" classname="com.emma.app.my_rest_test.ChushouSDKApiTest" />
                <testcase name="testLogin" time="3.101" classname="com.emma.app.my_rest_test.ChushouSDKApiTest" />
                <testcase name="testmethod1" time="0.002" classname="com.emma.app.my_rest_test.ChushouSDKApiTest" />
      
</testsuite>
