<?xml version="1.0" encoding="UTF-8"?>
<!-- Generated by org.testng.reporters.JUnitXMLReporter -->
<testsuite hostname="huangxiaoshideMac-mini.local" name="NubiaNX511J" tests="1" failures="0" timestamp="17 Aug 2016 02:28:38 GMT" time="0.18" errors="0">
  <testcase name="@BeforeClass SetUpBeforeClass" time="0.0" classname="com.example.myAppiumProject.AndroidAppiumTest">
    <failure type="java.lang.NoClassDefFoundError" message="Could not initialize class io.appium.java_client.android.AndroidDriver">
      <![CDATA[java.lang.NoClassDefFoundError: Could not initialize class io.appium.java_client.android.AndroidDriver
	at com.example.myAppiumProject.AndroidAppiumTest.SetUpBeforeClass(AndroidAppiumTest.java:40)
	at java.util.concurrent.FutureTask.run(FutureTask.java:266)
	at java.util.concurrent.ThreadPoolExecutor.runWorker(ThreadPoolExecutor.java:1142)
	at java.util.concurrent.ThreadPoolExecutor$Worker.run(ThreadPoolExecutor.java:617)
	at java.lang.Thread.run(Thread.java:745)
... Removed 16 stack frames]]>
    </failure>
  </testcase> <!-- @BeforeClass SetUpBeforeClass -->
  <testcase name="@AfterClass tearDownAfterClass" time="0.0" classname="com.example.myAppiumProject.AndroidAppiumTest">
    <skipped/>
  </testcase> <!-- @AfterClass tearDownAfterClass -->
  <testcase name="apidemo" time="0.001" classname="com.example.myAppiumProject.AndroidAppiumTest">
    <skipped/>
  </testcase> <!-- apidemo -->
</testsuite> <!-- NubiaNX511J -->
